This is pdfTeX, Version 3.141592653-2.6-1.40.23 (TeX Live 2021/W32TeX) (preloaded format=pdflatex 2022.1.8)  11 JAN 2022 23:50
entering extended mode
 \write18 enabled.
 %&-line parsing enabled.
**C:/Users/inesk/Documents/R/causal_inference/Collounder.vignette.tex
(c:/Users/inesk/Documents/R/causal_inference/Collounder.vignette.tex
LaTeX2e <2021-11-15> patch level 1
L3 programming layer <2021-11-22> (c:/Users/inesk/AppData/Roaming/TinyTeX/texmf-dist/tex/latex/base/article.cls
Document Class: article 2021/10/04 v1.4n Standard LaTeX document class
(c:/Users/inesk/AppData/Roaming/TinyTeX/texmf-dist/tex/latex/base/size10.clo
File: size10.clo 2021/10/04 v1.4n Standard LaTeX file (size option)
)
\c@part=\count183
\c@section=\count184
\c@subsection=\count185
\c@subsubsection=\count186
\c@paragraph=\count187
\c@subparagraph=\count188
\c@figure=\count189
\c@table=\count190
\abovecaptionskip=\skip47
\belowcaptionskip=\skip48
\bibindent=\dimen138
) (c:/Users/inesk/AppData/Roaming/TinyTeX/texmf-dist/tex/latex/lm/lmodern.sty
Package: lmodern 2015/05/01 v1.6.1 Latin Modern Fonts
LaTeX Font Info:    Overwriting symbol font `operators' in version `normal'
(Font)                  OT1/cmr/m/n --> OT1/lmr/m/n on input line 22.
LaTeX Font Info:    Overwriting symbol font `letters' in version `normal'
(Font)                  OML/cmm/m/it --> OML/lmm/m/it on input line 23.
LaTeX Font Info:    Overwriting symbol font `symbols' in version `normal'
(Font)                  OMS/cmsy/m/n --> OMS/lmsy/m/n on input line 24.
LaTeX Font Info:    Overwriting symbol font `largesymbols' in version `normal'
(Font)                  OMX/cmex/m/n --> OMX/lmex/m/n on input line 25.
LaTeX Font Info:    Overwriting symbol font `operators' in version `bold'
(Font)                  OT1/cmr/bx/n --> OT1/lmr/bx/n on input line 26.
LaTeX Font Info:    Overwriting symbol font `letters' in version `bold'
(Font)                  OML/cmm/b/it --> OML/lmm/b/it on input line 27.
LaTeX Font Info:    Overwriting symbol font `symbols' in version `bold'
(Font)                  OMS/cmsy/b/n --> OMS/lmsy/b/n on input line 28.
LaTeX Font Info:    Overwriting symbol font `largesymbols' in version `bold'
(Font)                  OMX/cmex/m/n --> OMX/lmex/m/n on input line 29.
LaTeX Font Info:    Overwriting math alphabet `\mathbf' in version `normal'
(Font)                  OT1/cmr/bx/n --> OT1/lmr/bx/n on input line 31.
LaTeX Font Info:    Overwriting math alphabet `\mathsf' in version `normal'
(Font)                  OT1/cmss/m/n --> OT1/lmss/m/n on input line 32.
LaTeX Font Info:    Overwriting math alphabet `\mathit' in version `normal'
(Font)                  OT1/cmr/m/it --> OT1/lmr/m/it on input line 33.
LaTeX Font Info:    Overwriting math alphabet `\mathtt' in version `normal'
(Font)                  OT1/cmtt/m/n --> OT1/lmtt/m/n on input line 34.
LaTeX Font Info:    Overwriting math alphabet `\mathbf' in version `bold'
(Font)                  OT1/cmr/bx/n --> OT1/lmr/bx/n on input line 35.
LaTeX Font Info:    Overwriting math alphabet `\mathsf' in version `bold'
(Font)                  OT1/cmss/bx/n --> OT1/lmss/bx/n on input line 36.
LaTeX Font Info:    Overwriting math alphabet `\mathit' in version `bold'
(Font)                  OT1/cmr/bx/it --> OT1/lmr/bx/it on input line 37.
LaTeX Font Info:    Overwriting math alphabet `\mathtt' in version `bold'
(Font)                  OT1/cmtt/m/n --> OT1/lmtt/m/n on input line 38.
) (c:/Users/inesk/AppData/Roaming/TinyTeX/texmf-dist/tex/latex/base/fontenc.sty
Package: fontenc 2021/04/29 v2.0v Standard LaTeX package
LaTeX Font Info:    Trying to load font information for T1+lmr on input line 112.
(c:/Users/inesk/AppData/Roaming/TinyTeX/texmf-dist/tex/latex/lm/t1lmr.fd
File: t1lmr.fd 2015/05/01 v1.6.1 Font defs for Latin Modern
)) (c:/Users/inesk/AppData/Roaming/TinyTeX/texmf-dist/tex/latex/tools/array.sty
Package: array 2021/10/04 v2.5f Tabular extension package (FMi)
\col@sep=\dimen139
\ar@mcellbox=\box50
\extrarowheight=\dimen140
\NC@list=\toks16
\extratabsurround=\skip49
\backup@length=\skip50
\ar@cellbox=\box51
) (c:/Users/inesk/AppData/Roaming/TinyTeX/texmf-dist/tex/latex/hyperref/hyperref.sty
Package: hyperref 2021-06-07 v7.00m Hypertext links for LaTeX
(c:/Users/inesk/AppData/Roaming/TinyTeX/texmf-dist/tex/generic/ltxcmds/ltxcmds.sty
Package: ltxcmds 2020-05-10 v1.25 LaTeX kernel commands for general use (HO)
) (c:/Users/inesk/AppData/Roaming/TinyTeX/texmf-dist/tex/generic/iftex/iftex.sty
Package: iftex 2020/03/06 v1.0d TeX engine tests
) (c:/Users/inesk/AppData/Roaming/TinyTeX/texmf-dist/tex/generic/pdftexcmds/pdftexcmds.sty
Package: pdftexcmds 2020-06-27 v0.33 Utility functions of pdfTeX for LuaTeX (HO)
(c:/Users/inesk/AppData/Roaming/TinyTeX/texmf-dist/tex/generic/infwarerr/infwarerr.sty
Package: infwarerr 2019/12/03 v1.5 Providing info/warning/error messages (HO)
)
Package pdftexcmds Info: \pdf@primitive is available.
Package pdftexcmds Info: \pdf@ifprimitive is available.
Package pdftexcmds Info: \pdfdraftmode found.
) (c:/Users/inesk/AppData/Roaming/TinyTeX/texmf-dist/tex/latex/graphics/keyval.sty
Package: keyval 2014/10/28 v1.15 key=value parser (DPC)
\KV@toks@=\toks17
) (c:/Users/inesk/AppData/Roaming/TinyTeX/texmf-dist/tex/generic/kvsetkeys/kvsetkeys.sty
Package: kvsetkeys 2019/12/15 v1.18 Key value parser (HO)
) (c:/Users/inesk/AppData/Roaming/TinyTeX/texmf-dist/tex/generic/kvdefinekeys/kvdefinekeys.sty
Package: kvdefinekeys 2019-12-19 v1.6 Define keys (HO)
) (c:/Users/inesk/AppData/Roaming/TinyTeX/texmf-dist/tex/generic/pdfescape/pdfescape.sty
Package: pdfescape 2019/12/09 v1.15 Implements pdfTeX's escape features (HO)
) (c:/Users/inesk/AppData/Roaming/TinyTeX/texmf-dist/tex/latex/hycolor/hycolor.sty
Package: hycolor 2020-01-27 v1.10 Color options for hyperref/bookmark (HO)
) (c:/Users/inesk/AppData/Roaming/TinyTeX/texmf-dist/tex/latex/letltxmacro/letltxmacro.sty
Package: letltxmacro 2019/12/03 v1.6 Let assignment for LaTeX macros (HO)
) (c:/Users/inesk/AppData/Roaming/TinyTeX/texmf-dist/tex/latex/auxhook/auxhook.sty
Package: auxhook 2019-12-17 v1.6 Hooks for auxiliary files (HO)
) (c:/Users/inesk/AppData/Roaming/TinyTeX/texmf-dist/tex/latex/kvoptions/kvoptions.sty
Package: kvoptions 2020-10-07 v3.14 Key value format for package options (HO)
)
\@linkdim=\dimen141
\Hy@linkcounter=\count191
\Hy@pagecounter=\count192
(c:/Users/inesk/AppData/Roaming/TinyTeX/texmf-dist/tex/latex/hyperref/pd1enc.def
File: pd1enc.def 2021-06-07 v7.00m Hyperref: PDFDocEncoding definition (HO)
Now handling font encoding PD1 ...
... no UTF-8 mapping file for font encoding PD1
) (c:/Users/inesk/AppData/Roaming/TinyTeX/texmf-dist/tex/latex/hyperref/hyperref-langpatches.def
File: hyperref-langpatches.def 2021-06-07 v7.00m Hyperref: patches for babel languages
) (c:/Users/inesk/AppData/Roaming/TinyTeX/texmf-dist/tex/generic/intcalc/intcalc.sty
Package: intcalc 2019/12/15 v1.3 Expandable calculations with integers (HO)
) (c:/Users/inesk/AppData/Roaming/TinyTeX/texmf-dist/tex/generic/etexcmds/etexcmds.sty
Package: etexcmds 2019/12/15 v1.7 Avoid name clashes with e-TeX commands (HO)
)
\Hy@SavedSpaceFactor=\count193
(c:/Users/inesk/AppData/Roaming/TinyTeX/texmf-dist/tex/latex/hyperref/puenc.def
File: puenc.def 2021-06-07 v7.00m Hyperref: PDF Unicode definition (HO)
Now handling font encoding PU ...
... no UTF-8 mapping file for font encoding PU
)
Package hyperref Info: Hyper figures OFF on input line 4192.
Package hyperref Info: Link nesting OFF on input line 4197.
Package hyperref Info: Hyper index ON on input line 4200.
Package hyperref Info: Plain pages OFF on input line 4207.
Package hyperref Info: Backreferencing OFF on input line 4212.
Package hyperref Info: Implicit mode ON; LaTeX internals redefined.
Package hyperref Info: Bookmarks ON on input line 4445.
\c@Hy@tempcnt=\count194
(c:/Users/inesk/AppData/Roaming/TinyTeX/texmf-dist/tex/latex/url/url.sty
\Urlmuskip=\muskip16
Package: url 2013/09/16  ver 3.4  Verb mode for urls, etc.
)
LaTeX Info: Redefining \url on input line 4804.
\XeTeXLinkMargin=\dimen142
(c:/Users/inesk/AppData/Roaming/TinyTeX/texmf-dist/tex/generic/bitset/bitset.sty
Package: bitset 2019/12/09 v1.3 Handle bit-vector datatype (HO)
(c:/Users/inesk/AppData/Roaming/TinyTeX/texmf-dist/tex/generic/bigintcalc/bigintcalc.sty
Package: bigintcalc 2019/12/15 v1.5 Expandable calculations on big integers (HO)
))
\Fld@menulength=\count195
\Field@Width=\dimen143
\Fld@charsize=\dimen144
Package hyperref Info: Hyper figures OFF on input line 6076.
Package hyperref Info: Link nesting OFF on input line 6081.
Package hyperref Info: Hyper index ON on input line 6084.
Package hyperref Info: backreferencing OFF on input line 6091.
Package hyperref Info: Link coloring OFF on input line 6096.
Package hyperref Info: Link coloring with OCG OFF on input line 6101.
Package hyperref Info: PDF/A mode OFF on input line 6106.
LaTeX Info: Redefining \ref on input line 6146.
LaTeX Info: Redefining \pageref on input line 6150.
(c:/Users/inesk/AppData/Roaming/TinyTeX/texmf-dist/tex/latex/base/atbegshi-ltx.sty
Package: atbegshi-ltx 2021/01/10 v1.0c Emulation of the original atbegshi
package with kernel methods
)
\Hy@abspage=\count196
\c@Item=\count197
\c@Hfootnote=\count198
)
Package hyperref Info: Driver (autodetected): hpdftex.
(c:/Users/inesk/AppData/Roaming/TinyTeX/texmf-dist/tex/latex/hyperref/hpdftex.def
File: hpdftex.def 2021-06-07 v7.00m Hyperref driver for pdfTeX
(c:/Users/inesk/AppData/Roaming/TinyTeX/texmf-dist/tex/latex/base/atveryend-ltx.sty
Package: atveryend-ltx 2020/08/19 v1.0a Emulation of the original atveryend package
with kernel methods
)
\Fld@listcount=\count199
\c@bookmark@seq@number=\count266
(c:/Users/inesk/AppData/Roaming/TinyTeX/texmf-dist/tex/latex/rerunfilecheck/rerunfilecheck.sty
Package: rerunfilecheck 2019/12/05 v1.9 Rerun checks for auxiliary files (HO)
(c:/Users/inesk/AppData/Roaming/TinyTeX/texmf-dist/tex/generic/uniquecounter/uniquecounter.sty
Package: uniquecounter 2019/12/15 v1.4 Provide unlimited unique counter (HO)
)
Package uniquecounter Info: New unique counter `rerunfilecheck' on input line 286.
)
\Hy@SectionHShift=\skip51
) (c:/Program Files/R/R-4.1.2/share/texmf/tex/latex/Sweave.sty
Package: Sweave 
(c:/Users/inesk/AppData/Roaming/TinyTeX/texmf-dist/tex/latex/base/ifthen.sty
Package: ifthen 2020/11/24 v1.1c Standard LaTeX ifthen package (DPC)
) (c:/Users/inesk/AppData/Roaming/TinyTeX/texmf-dist/tex/latex/graphics/graphicx.sty
Package: graphicx 2021/09/16 v1.2d Enhanced LaTeX Graphics (DPC,SPQR)
(c:/Users/inesk/AppData/Roaming/TinyTeX/texmf-dist/tex/latex/graphics/graphics.sty
Package: graphics 2021/03/04 v1.4d Standard LaTeX Graphics (DPC,SPQR)
(c:/Users/inesk/AppData/Roaming/TinyTeX/texmf-dist/tex/latex/graphics/trig.sty
Package: trig 2021/08/11 v1.11 sin cos tan (DPC)
) (c:/Users/inesk/AppData/Roaming/TinyTeX/texmf-dist/tex/latex/graphics-cfg/graphics.cfg
File: graphics.cfg 2016/06/04 v1.11 sample graphics configuration
)
Package graphics Info: Driver file: pdftex.def on input line 107.
(c:/Users/inesk/AppData/Roaming/TinyTeX/texmf-dist/tex/latex/graphics-def/pdftex.def
File: pdftex.def 2020/10/05 v1.2a Graphics/color driver for pdftex
))
\Gin@req@height=\dimen145
\Gin@req@width=\dimen146
) (c:/Users/inesk/AppData/Roaming/TinyTeX/texmf-dist/tex/latex/fancyvrb/fancyvrb.sty
Package: fancyvrb 2021/12/21 4.1b verbatim text (tvz,hv)
\FV@CodeLineNo=\count267
\FV@InFile=\read2
\FV@TabBox=\box52
\c@FancyVerbLine=\count268
\FV@StepNumber=\count269
\FV@OutFile=\write3
) (c:/Users/inesk/AppData/Roaming/TinyTeX/texmf-dist/tex/latex/base/textcomp.sty
Package: textcomp 2020/02/02 v2.0n Standard LaTeX package
) (c:/Users/inesk/AppData/Roaming/TinyTeX/texmf-dist/tex/latex/base/fontenc.sty
Package: fontenc 2021/04/29 v2.0v Standard LaTeX package
) (c:/Users/inesk/AppData/Roaming/TinyTeX/texmf-dist/tex/latex/ae/ae.sty
Package: ae 2001/02/12 1.3 Almost European Computer Modern
(c:/Users/inesk/AppData/Roaming/TinyTeX/texmf-dist/tex/latex/base/fontenc.sty
Package: fontenc 2021/04/29 v2.0v Standard LaTeX package
))) (c:/Users/inesk/AppData/Roaming/TinyTeX/texmf-dist/tex/latex/xcolor/xcolor.sty
Package: xcolor 2021/10/31 v2.13 LaTeX color extensions (UK)
(c:/Users/inesk/AppData/Roaming/TinyTeX/texmf-dist/tex/latex/graphics-cfg/color.cfg
File: color.cfg 2016/01/02 v1.6 sample color configuration
)
Package xcolor Info: Driver file: pdftex.def on input line 227.
Package xcolor Info: Model `cmy' substituted by `cmy0' on input line 1352.
Package xcolor Info: Model `hsb' substituted by `rgb' on input line 1356.
Package xcolor Info: Model `RGB' extended on input line 1368.
Package xcolor Info: Model `HTML' substituted by `rgb' on input line 1370.
Package xcolor Info: Model `Hsb' substituted by `hsb' on input line 1371.
Package xcolor Info: Model `tHsb' substituted by `hsb' on input line 1372.
Package xcolor Info: Model `HSB' substituted by `hsb' on input line 1373.
Package xcolor Info: Model `Gray' substituted by `gray' on input line 1374.
Package xcolor Info: Model `wave' substituted by `hsb' on input line 1375.
(c:/Users/inesk/AppData/Roaming/TinyTeX/texmf-dist/tex/latex/xcolor/svgnam.def
File: svgnam.def 2021/10/31 v2.13 Predefined colors according to SVG 1.1 (UK)
)) (c:/Users/inesk/AppData/Roaming/TinyTeX/texmf-dist/tex/latex/listings/listings.sty
\lst@mode=\count270
\lst@gtempboxa=\box53
\lst@token=\toks18
\lst@length=\count271
\lst@currlwidth=\dimen147
\lst@column=\count272
\lst@pos=\count273
\lst@lostspace=\dimen148
\lst@width=\dimen149
\lst@newlines=\count274
\lst@lineno=\count275
\lst@maxwidth=\dimen150
(c:/Users/inesk/AppData/Roaming/TinyTeX/texmf-dist/tex/latex/listings/lstmisc.sty
File: lstmisc.sty 2020/03/24 1.8d (Carsten Heinz)
\c@lstnumber=\count276
\lst@skipnumbers=\count277
\lst@framebox=\box54
) (c:/Users/inesk/AppData/Roaming/TinyTeX/texmf-dist/tex/latex/listings/listings.cfg
File: listings.cfg 2020/03/24 1.8d listings configuration
))
Package: listings 2020/03/24 1.8d (Carsten Heinz)
(c:/Users/inesk/AppData/Roaming/TinyTeX/texmf-dist/tex/latex/listings/lstlang1.sty
File: lstlang1.sty 2020/03/24 1.8d listings language file
) (c:/Users/inesk/AppData/Roaming/TinyTeX/texmf-dist/tex/latex/listings/lstlang2.sty
File: lstlang2.sty 2020/03/24 1.8d listings language file
) (c:/Users/inesk/AppData/Roaming/TinyTeX/texmf-dist/tex/latex/listings/lstlang3.sty
File: lstlang3.sty 2020/03/24 1.8d listings language file
) (c:/Users/inesk/AppData/Roaming/TinyTeX/texmf-dist/tex/latex/subfig/subfig.sty
Package: subfig 2005/06/28 ver: 1.3 subfig package
(c:/Users/inesk/AppData/Roaming/TinyTeX/texmf-dist/tex/latex/caption/caption.sty
Package: caption 2020/10/26 v3.5g Customizing captions (AR)
(c:/Users/inesk/AppData/Roaming/TinyTeX/texmf-dist/tex/latex/caption/caption3.sty
Package: caption3 2020/10/21 v2.2e caption3 kernel (AR)
\captionmargin=\dimen151
\captionmargin@=\dimen152
\captionwidth=\dimen153
\caption@tempdima=\dimen154
\caption@indent=\dimen155
\caption@parindent=\dimen156
\caption@hangindent=\dimen157
Package caption Info: Standard document class detected.
)
\c@caption@flags=\count278
\c@continuedfloat=\count279
Package caption Info: hyperref package is loaded.
Package caption Info: listings package is loaded.
)
\c@KVtest=\count280
\sf@farskip=\skip52
\sf@captopadj=\dimen158
\sf@capskip=\skip53
\sf@nearskip=\skip54
\c@subfigure=\count281
\c@subfigure@save=\count282
\c@lofdepth=\count283
\c@subtable=\count284
\c@subtable@save=\count285
\c@lotdepth=\count286
\sf@top=\skip55
\sf@bottom=\skip56
)
LaTeX Font Info:    Trying to load font information for T1+aer on input line 40.
(c:/Users/inesk/AppData/Roaming/TinyTeX/texmf-dist/tex/latex/ae/t1aer.fd
File: t1aer.fd 1997/11/16 Font definitions for T1/aer.
) (c:/Users/inesk/AppData/Roaming/TinyTeX/texmf-dist/tex/latex/l3backend/l3backend-pdftex.def
File: l3backend-pdftex.def 2021-12-14 L3 backend support: PDF output (pdfTeX)
\l__color_backend_stack_int=\count287
\l__pdf_internal_box=\box55
) (./Collounder.vignette.aux)
\openout1 = `Collounder.vignette.aux'.

LaTeX Font Info:    Checking defaults for OML/cmm/m/it on input line 40.
LaTeX Font Info:    ... okay on input line 40.
LaTeX Font Info:    Checking defaults for OMS/cmsy/m/n on input line 40.
LaTeX Font Info:    ... okay on input line 40.
LaTeX Font Info:    Checking defaults for OT1/cmr/m/n on input line 40.
LaTeX Font Info:    ... okay on input line 40.
LaTeX Font Info:    Checking defaults for T1/cmr/m/n on input line 40.
LaTeX Font Info:    ... okay on input line 40.
LaTeX Font Info:    Checking defaults for TS1/cmr/m/n on input line 40.
LaTeX Font Info:    ... okay on input line 40.
LaTeX Font Info:    Checking defaults for OMX/cmex/m/n on input line 40.
LaTeX Font Info:    ... okay on input line 40.
LaTeX Font Info:    Checking defaults for U/cmr/m/n on input line 40.
LaTeX Font Info:    ... okay on input line 40.
LaTeX Font Info:    Checking defaults for PD1/pdf/m/n on input line 40.
LaTeX Font Info:    ... okay on input line 40.
LaTeX Font Info:    Checking defaults for PU/pdf/m/n on input line 40.
LaTeX Font Info:    ... okay on input line 40.
Package hyperref Info: Link coloring OFF on input line 40.
(c:/Users/inesk/AppData/Roaming/TinyTeX/texmf-dist/tex/latex/hyperref/nameref.sty
Package: nameref 2021-04-02 v2.47 Cross-referencing by name of section
(c:/Users/inesk/AppData/Roaming/TinyTeX/texmf-dist/tex/latex/refcount/refcount.sty
Package: refcount 2019/12/15 v3.6 Data extraction from label references (HO)
) (c:/Users/inesk/AppData/Roaming/TinyTeX/texmf-dist/tex/generic/gettitlestring/gettitlestring.sty
Package: gettitlestring 2019/12/15 v1.6 Cleanup title references (HO)
)
\c@section@level=\count288
)
LaTeX Info: Redefining \ref on input line 40.
LaTeX Info: Redefining \pageref on input line 40.
LaTeX Info: Redefining \nameref on input line 40.
(./Collounder.vignette.out) (./Collounder.vignette.out)
\@outlinefile=\write4
\openout4 = `Collounder.vignette.out'.

(c:/Users/inesk/AppData/Roaming/TinyTeX/texmf-dist/tex/latex/epstopdf-pkg/epstopdf-base.sty
Package: epstopdf-base 2020-01-24 v2.11 Base part for package epstopdf
Package epstopdf-base Info: Redefining graphics rule for `.eps' on input line 485.
(c:/Users/inesk/AppData/Roaming/TinyTeX/texmf-dist/tex/latex/latexconfig/epstopdf-sys.cfg
File: epstopdf-sys.cfg 2010/07/13 v1.3 Configuration of (r)epstopdf for TeX Live
))
\c@lstlisting=\count289
Package caption Info: Begin \AtBeginDocument code.
Package caption Info: subfig package v1.3 is loaded.
Package caption Info: End \AtBeginDocument code.
LaTeX Font Info:    Trying to load font information for OT1+lmr on input line 43.
(c:/Users/inesk/AppData/Roaming/TinyTeX/texmf-dist/tex/latex/lm/ot1lmr.fd
File: ot1lmr.fd 2015/05/01 v1.6.1 Font defs for Latin Modern
)
LaTeX Font Info:    Trying to load font information for OML+lmm on input line 43.
(c:/Users/inesk/AppData/Roaming/TinyTeX/texmf-dist/tex/latex/lm/omllmm.fd
File: omllmm.fd 2015/05/01 v1.6.1 Font defs for Latin Modern
)
LaTeX Font Info:    Trying to load font information for OMS+lmsy on input line 43.
(c:/Users/inesk/AppData/Roaming/TinyTeX/texmf-dist/tex/latex/lm/omslmsy.fd
File: omslmsy.fd 2015/05/01 v1.6.1 Font defs for Latin Modern
)
LaTeX Font Info:    Trying to load font information for OMX+lmex on input line 43.
(c:/Users/inesk/AppData/Roaming/TinyTeX/texmf-dist/tex/latex/lm/omxlmex.fd
File: omxlmex.fd 2015/05/01 v1.6.1 Font defs for Latin Modern
)
LaTeX Font Info:    External font `lmex10' loaded for size
(Font)              <12> on input line 43.
LaTeX Font Info:    External font `lmex10' loaded for size
(Font)              <8> on input line 43.
LaTeX Font Info:    External font `lmex10' loaded for size
(Font)              <6> on input line 43.
(./Collounder.vignette.toc)
\tf@toc=\write5
\openout5 = `Collounder.vignette.toc'.

[1

{c:/Users/inesk/AppData/Roaming/TinyTeX/texmf-var/fonts/map/pdftex/updmap/pdftex.map}] [2]
Package textcomp Info: Symbol \textminus not provided by
(textcomp)             font family aer in TS1 encoding.
(textcomp)             Default family used instead on input line 64.
Package textcomp Info: Symbol \textminus not provided by
(textcomp)             font family aer in TS1 encoding.
(textcomp)             Default family used instead on input line 72.
Package textcomp Info: Symbol \textminus not provided by
(textcomp)             font family aer in TS1 encoding.
(textcomp)             Default family used instead on input line 73.
Package textcomp Info: Symbol \textminus not provided by
(textcomp)             font family aer in TS1 encoding.
(textcomp)             Default family used instead on input line 74.
Package textcomp Info: Symbol \textminus not provided by
(textcomp)             font family aer in TS1 encoding.
(textcomp)             Default family used instead on input line 75.
Package textcomp Info: Symbol \textminus not provided by
(textcomp)             font family aer in TS1 encoding.
(textcomp)             Default family used instead on input line 76.
Package textcomp Info: Symbol \textminus not provided by
(textcomp)             font family aer in TS1 encoding.
(textcomp)             Default family used instead on input line 79.
<vignettes/images//scenario1.DAG.png, id=49, 386.19281pt x 312.41719pt>
File: vignettes/images//scenario1.DAG.png Graphic file (type png)
<use vignettes/images//scenario1.DAG.png>
Package pdftex.def Info: vignettes/images//scenario1.DAG.png  used on input line 86.
(pdftex.def)             Requested size: 142.26378pt x 115.08723pt.
Package textcomp Info: Symbol \textminus not provided by
(textcomp)             font family aer in TS1 encoding.
(textcomp)             Default family used instead on input line 94.
Package textcomp Info: Symbol \textminus not provided by
(textcomp)             font family aer in TS1 encoding.
(textcomp)             Default family used instead on input line 95.
Package textcomp Info: Symbol \textminus not provided by
(textcomp)             font family aer in TS1 encoding.
(textcomp)             Default family used instead on input line 96.
Package textcomp Info: Symbol \textminus not provided by
(textcomp)             font family aer in TS1 encoding.
(textcomp)             Default family used instead on input line 97.
Package textcomp Info: Symbol \textminus not provided by
(textcomp)             font family aer in TS1 encoding.
(textcomp)             Default family used instead on input line 98.
[3 <./vignettes/images//scenario1.DAG.png>]
Package textcomp Info: Symbol \textminus not provided by
(textcomp)             font family aer in TS1 encoding.
(textcomp)             Default family used instead on input line 99.
Package textcomp Info: Symbol \textminus not provided by
(textcomp)             font family aer in TS1 encoding.
(textcomp)             Default family used instead on input line 100.
<vignettes/images//scenario2.DAG.png, id=82, 386.19281pt x 312.41719pt>
File: vignettes/images//scenario2.DAG.png Graphic file (type png)
<use vignettes/images//scenario2.DAG.png>
Package pdftex.def Info: vignettes/images//scenario2.DAG.png  used on input line 105.
(pdftex.def)             Requested size: 142.26378pt x 115.08723pt.
Package textcomp Info: Symbol \textminus not provided by
(textcomp)             font family aer in TS1 encoding.
(textcomp)             Default family used instead on input line 117.
Package textcomp Info: Symbol \textminus not provided by
(textcomp)             font family aer in TS1 encoding.
(textcomp)             Default family used instead on input line 119.
Package textcomp Info: Symbol \textminus not provided by
(textcomp)             font family aer in TS1 encoding.
(textcomp)             Default family used instead on input line 120.
LaTeX Font Info:    Trying to load font information for TS1+aer on input line 120.
(c:/Program Files/R/R-4.1.2/share/texmf/tex/latex/ts1aer.fd
File: ts1aer.fd 
)
LaTeX Font Info:    Font shape `TS1/aer/m/n' in size <10> not available
(Font)              Font shape `TS1/cmr/m/n' tried instead on input line 120.
Package textcomp Info: Symbol \textminus not provided by
(textcomp)             font family aer in TS1 encoding.
(textcomp)             Default family used instead on input line 121.
Package textcomp Info: Symbol \textminus not provided by
(textcomp)             font family aer in TS1 encoding.
(textcomp)             Default family used instead on input line 123.
[4 <./vignettes/images//scenario2.DAG.png>]
Package textcomp Info: Symbol \textminus not provided by
(textcomp)             font family aer in TS1 encoding.
(textcomp)             Default family used instead on input line 124.
Package textcomp Info: Symbol \textminus not provided by
(textcomp)             font family aer in TS1 encoding.
(textcomp)             Default family used instead on input line 124.
Package textcomp Info: Symbol \textminus not provided by
(textcomp)             font family aer in TS1 encoding.
(textcomp)             Default family used instead on input line 125.
Package textcomp Info: Symbol \textminus not provided by
(textcomp)             font family aer in TS1 encoding.
(textcomp)             Default family used instead on input line 132.
Package textcomp Info: Symbol \textminus not provided by
(textcomp)             font family aer in TS1 encoding.
(textcomp)             Default family used instead on input line 133.
Package textcomp Info: Symbol \textminus not provided by
(textcomp)             font family aer in TS1 encoding.
(textcomp)             Default family used instead on input line 134.
Package textcomp Info: Symbol \textminus not provided by
(textcomp)             font family aer in TS1 encoding.
(textcomp)             Default family used instead on input line 135.
Package textcomp Info: Symbol \textminus not provided by
(textcomp)             font family aer in TS1 encoding.
(textcomp)             Default family used instead on input line 136.
Package textcomp Info: Symbol \textminus not provided by
(textcomp)             font family aer in TS1 encoding.
(textcomp)             Default family used instead on input line 141.
Package textcomp Info: Symbol \textminus not provided by
(textcomp)             font family aer in TS1 encoding.
(textcomp)             Default family used instead on input line 142.
Package textcomp Info: Symbol \textminus not provided by
(textcomp)             font family aer in TS1 encoding.
(textcomp)             Default family used instead on input line 143.
Package textcomp Info: Symbol \textminus not provided by
(textcomp)             font family aer in TS1 encoding.
(textcomp)             Default family used instead on input line 144.
Package textcomp Info: Symbol \textminus not provided by
(textcomp)             font family aer in TS1 encoding.
(textcomp)             Default family used instead on input line 145.
Package textcomp Info: Symbol \textminus not provided by
(textcomp)             font family aer in TS1 encoding.
(textcomp)             Default family used instead on input line 146.
Package textcomp Info: Symbol \textminus not provided by
(textcomp)             font family aer in TS1 encoding.
(textcomp)             Default family used instead on input line 153.
Package textcomp Info: Symbol \textminus not provided by
(textcomp)             font family aer in TS1 encoding.
(textcomp)             Default family used instead on input line 154.
Package textcomp Info: Symbol \textminus not provided by
(textcomp)             font family aer in TS1 encoding.
(textcomp)             Default family used instead on input line 155.
Package textcomp Info: Symbol \textminus not provided by
(textcomp)             font family aer in TS1 encoding.
(textcomp)             Default family used instead on input line 156.
Package textcomp Info: Symbol \textminus not provided by
(textcomp)             font family aer in TS1 encoding.
(textcomp)             Default family used instead on input line 157.
Package textcomp Info: Symbol \textminus not provided by
(textcomp)             font family aer in TS1 encoding.
(textcomp)             Default family used instead on input line 158.
Package textcomp Info: Symbol \textminus not provided by
(textcomp)             font family aer in TS1 encoding.
(textcomp)             Default family used instead on input line 159.
[5]
Package textcomp Info: Symbol \textminus not provided by
(textcomp)             font family aer in TS1 encoding.
(textcomp)             Default family used instead on input line 176.
Package textcomp Info: Symbol \textminus not provided by
(textcomp)             font family aer in TS1 encoding.
(textcomp)             Default family used instead on input line 181.
Package textcomp Info: Symbol \textminus not provided by
(textcomp)             font family aer in TS1 encoding.
(textcomp)             Default family used instead on input line 193.
Package textcomp Info: Symbol \textminus not provided by
(textcomp)             font family aer in TS1 encoding.
(textcomp)             Default family used instead on input line 194.
Package textcomp Info: Symbol \textminus not provided by
(textcomp)             font family aer in TS1 encoding.
(textcomp)             Default family used instead on input line 195.
Package textcomp Info: Symbol \textminus not provided by
(textcomp)             font family aer in TS1 encoding.
(textcomp)             Default family used instead on input line 196.
Package textcomp Info: Symbol \textminus not provided by
(textcomp)             font family aer in TS1 encoding.
(textcomp)             Default family used instead on input line 198.
[6]
Package textcomp Info: Symbol \textminus not provided by
(textcomp)             font family aer in TS1 encoding.
(textcomp)             Default family used instead on input line 199.
Package textcomp Info: Symbol \textminus not provided by
(textcomp)             font family aer in TS1 encoding.
(textcomp)             Default family used instead on input line 200.
Package textcomp Info: Symbol \textminus not provided by
(textcomp)             font family aer in TS1 encoding.
(textcomp)             Default family used instead on input line 201.
<vignettes/images//i_uv_i.DAG.png, id=171, 386.19281pt x 312.41719pt>
File: vignettes/images//i_uv_i.DAG.png Graphic file (type png)
<use vignettes/images//i_uv_i.DAG.png>
Package pdftex.def Info: vignettes/images//i_uv_i.DAG.png  used on input line 207.
(pdftex.def)             Requested size: 142.26378pt x 115.08723pt.
Package textcomp Info: Symbol \textminus not provided by
(textcomp)             font family aer in TS1 encoding.
(textcomp)             Default family used instead on input line 212.
Package textcomp Info: Symbol \textminus not provided by
(textcomp)             font family aer in TS1 encoding.
(textcomp)             Default family used instead on input line 213.
Package textcomp Info: Symbol \textminus not provided by
(textcomp)             font family aer in TS1 encoding.
(textcomp)             Default family used instead on input line 214.
Package textcomp Info: Symbol \textminus not provided by
(textcomp)             font family aer in TS1 encoding.
(textcomp)             Default family used instead on input line 215.
Package textcomp Info: Symbol \textminus not provided by
(textcomp)             font family aer in TS1 encoding.
(textcomp)             Default family used instead on input line 216.
Package textcomp Info: Symbol \textminus not provided by
(textcomp)             font family aer in TS1 encoding.
(textcomp)             Default family used instead on input line 219.
Package textcomp Info: Symbol \textminus not provided by
(textcomp)             font family aer in TS1 encoding.
(textcomp)             Default family used instead on input line 221.
Package textcomp Info: Symbol \textminus not provided by
(textcomp)             font family aer in TS1 encoding.
(textcomp)             Default family used instead on input line 222.
Package textcomp Info: Symbol \textminus not provided by
(textcomp)             font family aer in TS1 encoding.
(textcomp)             Default family used instead on input line 223.
Package textcomp Info: Symbol \textminus not provided by
(textcomp)             font family aer in TS1 encoding.
(textcomp)             Default family used instead on input line 224.
Package textcomp Info: Symbol \textminus not provided by
(textcomp)             font family aer in TS1 encoding.
(textcomp)             Default family used instead on input line 225.
Package textcomp Info: Symbol \textminus not provided by
(textcomp)             font family aer in TS1 encoding.
(textcomp)             Default family used instead on input line 227.
Package textcomp Info: Symbol \textminus not provided by
(textcomp)             font family aer in TS1 encoding.
(textcomp)             Default family used instead on input line 228.
[7 <./vignettes/images//i_uv_i.DAG.png>]
Package textcomp Info: Symbol \textminus not provided by
(textcomp)             font family aer in TS1 encoding.
(textcomp)             Default family used instead on input line 237.
Package textcomp Info: Symbol \textminus not provided by
(textcomp)             font family aer in TS1 encoding.
(textcomp)             Default family used instead on input line 239.
Package textcomp Info: Symbol \textminus not provided by
(textcomp)             font family aer in TS1 encoding.
(textcomp)             Default family used instead on input line 254.
Package textcomp Info: Symbol \textminus not provided by
(textcomp)             font family aer in TS1 encoding.
(textcomp)             Default family used instead on input line 262.
<vignettes/images//i_uv_i1.png, id=204, 390.70969pt x 416.30531pt>
File: vignettes/images//i_uv_i1.png Graphic file (type png)
<use vignettes/images//i_uv_i1.png>
Package pdftex.def Info: vignettes/images//i_uv_i1.png  used on input line 266.
(pdftex.def)             Requested size: 142.26378pt x 151.58492pt.

LaTeX Warning: `h' float specifier changed to `ht'.

[8]
Package textcomp Info: Symbol \textminus not provided by
(textcomp)             font family aer in TS1 encoding.
(textcomp)             Default family used instead on input line 281.
Package textcomp Info: Symbol \textminus not provided by
(textcomp)             font family aer in TS1 encoding.
(textcomp)             Default family used instead on input line 282.
Package textcomp Info: Symbol \textminus not provided by
(textcomp)             font family aer in TS1 encoding.
(textcomp)             Default family used instead on input line 283.
Package textcomp Info: Symbol \textminus not provided by
(textcomp)             font family aer in TS1 encoding.
(textcomp)             Default family used instead on input line 284.
Package textcomp Info: Symbol \textminus not provided by
(textcomp)             font family aer in TS1 encoding.
(textcomp)             Default family used instead on input line 286.
Package textcomp Info: Symbol \textminus not provided by
(textcomp)             font family aer in TS1 encoding.
(textcomp)             Default family used instead on input line 287.
Package textcomp Info: Symbol \textminus not provided by
(textcomp)             font family aer in TS1 encoding.
(textcomp)             Default family used instead on input line 288.
Package textcomp Info: Symbol \textminus not provided by
(textcomp)             font family aer in TS1 encoding.
(textcomp)             Default family used instead on input line 289.
[9 <./vignettes/images//i_uv_i1.png>]
Package textcomp Info: Symbol \textminus not provided by
(textcomp)             font family aer in TS1 encoding.
(textcomp)             Default family used instead on input line 291.
<vignettes/images//i_uv_i_s.DAG.png, id=262, 386.19281pt x 312.41719pt>
File: vignettes/images//i_uv_i_s.DAG.png Graphic file (type png)
<use vignettes/images//i_uv_i_s.DAG.png>
Package pdftex.def Info: vignettes/images//i_uv_i_s.DAG.png  used on input line 296.
(pdftex.def)             Requested size: 142.26378pt x 115.08723pt.
Package textcomp Info: Symbol \textminus not provided by
(textcomp)             font family aer in TS1 encoding.
(textcomp)             Default family used instead on input line 303.
Package textcomp Info: Symbol \textminus not provided by
(textcomp)             font family aer in TS1 encoding.
(textcomp)             Default family used instead on input line 305.
Package textcomp Info: Symbol \textminus not provided by
(textcomp)             font family aer in TS1 encoding.
(textcomp)             Default family used instead on input line 306.
Package textcomp Info: Symbol \textminus not provided by
(textcomp)             font family aer in TS1 encoding.
(textcomp)             Default family used instead on input line 307.
Package textcomp Info: Symbol \textminus not provided by
(textcomp)             font family aer in TS1 encoding.
(textcomp)             Default family used instead on input line 308.
Package textcomp Info: Symbol \textminus not provided by
(textcomp)             font family aer in TS1 encoding.
(textcomp)             Default family used instead on input line 311.
Package textcomp Info: Symbol \textminus not provided by
(textcomp)             font family aer in TS1 encoding.
(textcomp)             Default family used instead on input line 312.
Package textcomp Info: Symbol \textminus not provided by
(textcomp)             font family aer in TS1 encoding.
(textcomp)             Default family used instead on input line 313.
Package textcomp Info: Symbol \textminus not provided by
(textcomp)             font family aer in TS1 encoding.
(textcomp)             Default family used instead on input line 314.
Package textcomp Info: Symbol \textminus not provided by
(textcomp)             font family aer in TS1 encoding.
(textcomp)             Default family used instead on input line 316.
Package textcomp Info: Symbol \textminus not provided by
(textcomp)             font family aer in TS1 encoding.
(textcomp)             Default family used instead on input line 317.
Package textcomp Info: Symbol \textminus not provided by
(textcomp)             font family aer in TS1 encoding.
(textcomp)             Default family used instead on input line 318.
Package textcomp Info: Symbol \textminus not provided by
(textcomp)             font family aer in TS1 encoding.
(textcomp)             Default family used instead on input line 320.
Package textcomp Info: Symbol \textminus not provided by
(textcomp)             font family aer in TS1 encoding.
(textcomp)             Default family used instead on input line 321.
Package textcomp Info: Symbol \textminus not provided by
(textcomp)             font family aer in TS1 encoding.
(textcomp)             Default family used instead on input line 322.
[10 <./vignettes/images//i_uv_i_s.DAG.png>]
Package textcomp Info: Symbol \textminus not provided by
(textcomp)             font family aer in TS1 encoding.
(textcomp)             Default family used instead on input line 324.
Package textcomp Info: Symbol \textminus not provided by
(textcomp)             font family aer in TS1 encoding.
(textcomp)             Default family used instead on input line 325.
Package textcomp Info: Symbol \textminus not provided by
(textcomp)             font family aer in TS1 encoding.
(textcomp)             Default family used instead on input line 326.
Package textcomp Info: Symbol \textminus not provided by
(textcomp)             font family aer in TS1 encoding.
(textcomp)             Default family used instead on input line 330.
Package textcomp Info: Symbol \textminus not provided by
(textcomp)             font family aer in TS1 encoding.
(textcomp)             Default family used instead on input line 332.
Package textcomp Info: Symbol \textminus not provided by
(textcomp)             font family aer in TS1 encoding.
(textcomp)             Default family used instead on input line 333.
Package textcomp Info: Symbol \textminus not provided by
(textcomp)             font family aer in TS1 encoding.
(textcomp)             Default family used instead on input line 334.
Package textcomp Info: Symbol \textminus not provided by
(textcomp)             font family aer in TS1 encoding.
(textcomp)             Default family used instead on input line 335.
Package textcomp Info: Symbol \textminus not provided by
(textcomp)             font family aer in TS1 encoding.
(textcomp)             Default family used instead on input line 337.
Package textcomp Info: Symbol \textminus not provided by
(textcomp)             font family aer in TS1 encoding.
(textcomp)             Default family used instead on input line 338.
Package textcomp Info: Symbol \textminus not provided by
(textcomp)             font family aer in TS1 encoding.
(textcomp)             Default family used instead on input line 339.
Package textcomp Info: Symbol \textminus not provided by
(textcomp)             font family aer in TS1 encoding.
(textcomp)             Default family used instead on input line 341.
Package textcomp Info: Symbol \textminus not provided by
(textcomp)             font family aer in TS1 encoding.
(textcomp)             Default family used instead on input line 342.
Package textcomp Info: Symbol \textminus not provided by
(textcomp)             font family aer in TS1 encoding.
(textcomp)             Default family used instead on input line 343.
Package textcomp Info: Symbol \textminus not provided by
(textcomp)             font family aer in TS1 encoding.
(textcomp)             Default family used instead on input line 345.
Package textcomp Info: Symbol \textminus not provided by
(textcomp)             font family aer in TS1 encoding.
(textcomp)             Default family used instead on input line 346.
Package textcomp Info: Symbol \textminus not provided by
(textcomp)             font family aer in TS1 encoding.
(textcomp)             Default family used instead on input line 347.
Package textcomp Info: Symbol \textminus not provided by
(textcomp)             font family aer in TS1 encoding.
(textcomp)             Default family used instead on input line 349.
Package textcomp Info: Symbol \textminus not provided by
(textcomp)             font family aer in TS1 encoding.
(textcomp)             Default family used instead on input line 350.
Package textcomp Info: Symbol \textminus not provided by
(textcomp)             font family aer in TS1 encoding.
(textcomp)             Default family used instead on input line 351.
[11]
Package textcomp Info: Symbol \textminus not provided by
(textcomp)             font family aer in TS1 encoding.
(textcomp)             Default family used instead on input line 360.
Package textcomp Info: Symbol \textminus not provided by
(textcomp)             font family aer in TS1 encoding.
(textcomp)             Default family used instead on input line 360.
Package textcomp Info: Symbol \textminus not provided by
(textcomp)             font family aer in TS1 encoding.
(textcomp)             Default family used instead on input line 360.
Package textcomp Info: Symbol \textminus not provided by
(textcomp)             font family aer in TS1 encoding.
(textcomp)             Default family used instead on input line 364.
[12]
Package textcomp Info: Symbol \textminus not provided by
(textcomp)             font family aer in TS1 encoding.
(textcomp)             Default family used instead on input line 381.
Package textcomp Info: Symbol \textminus not provided by
(textcomp)             font family aer in TS1 encoding.
(textcomp)             Default family used instead on input line 386.
Package textcomp Info: Symbol \textminus not provided by
(textcomp)             font family aer in TS1 encoding.
(textcomp)             Default family used instead on input line 408.
Package textcomp Info: Symbol \textminus not provided by
(textcomp)             font family aer in TS1 encoding.
(textcomp)             Default family used instead on input line 413.
Package textcomp Info: Symbol \textminus not provided by
(textcomp)             font family aer in TS1 encoding.
(textcomp)             Default family used instead on input line 414.
Package textcomp Info: Symbol \textminus not provided by
(textcomp)             font family aer in TS1 encoding.
(textcomp)             Default family used instead on input line 415.
[13]
<vignettes/images//histA.sun.png, id=399, 390.70969pt x 416.30531pt>
File: vignettes/images//histA.sun.png Graphic file (type png)
<use vignettes/images//histA.sun.png>
Package pdftex.def Info: vignettes/images//histA.sun.png  used on input line 423.
(pdftex.def)             Requested size: 256.0748pt x 272.863pt.
Package textcomp Info: Symbol \textminus not provided by
(textcomp)             font family aer in TS1 encoding.
(textcomp)             Default family used instead on input line 429.
<vignettes/images//histX.sun.png, id=400, 390.70969pt x 416.30531pt>
File: vignettes/images//histX.sun.png Graphic file (type png)
<use vignettes/images//histX.sun.png>
Package pdftex.def Info: vignettes/images//histX.sun.png  used on input line 436.
(pdftex.def)             Requested size: 256.0748pt x 272.863pt.

LaTeX Warning: `h' float specifier changed to `ht'.

[14 <./vignettes/images//histA.sun.png>]
<vignettes/images//sdXdecreased.png, id=416, 433.62pt x 392.96812pt>
File: vignettes/images//sdXdecreased.png Graphic file (type png)
<use vignettes/images//sdXdecreased.png>
Package pdftex.def Info: vignettes/images//sdXdecreased.png  used on input line 458.
(pdftex.def)             Requested size: 256.0748pt x 232.07703pt.
[15 <./vignettes/images//histX.sun.png>] [16 <./vignettes/images//sdXdecreased.png>]
Package textcomp Info: Symbol \textminus not provided by
(textcomp)             font family aer in TS1 encoding.
(textcomp)             Default family used instead on input line 468.
Package textcomp Info: Symbol \textminus not provided by
(textcomp)             font family aer in TS1 encoding.
(textcomp)             Default family used instead on input line 469.
Package textcomp Info: Symbol \textminus not provided by
(textcomp)             font family aer in TS1 encoding.
(textcomp)             Default family used instead on input line 470.
Package textcomp Info: Symbol \textminus not provided by
(textcomp)             font family aer in TS1 encoding.
(textcomp)             Default family used instead on input line 470.
Package textcomp Info: Symbol \textminus not provided by
(textcomp)             font family aer in TS1 encoding.
(textcomp)             Default family used instead on input line 471.
Package textcomp Info: Symbol \textminus not provided by
(textcomp)             font family aer in TS1 encoding.
(textcomp)             Default family used instead on input line 473.
Package textcomp Info: Symbol \textminus not provided by
(textcomp)             font family aer in TS1 encoding.
(textcomp)             Default family used instead on input line 474.
Package textcomp Info: Symbol \textminus not provided by
(textcomp)             font family aer in TS1 encoding.
(textcomp)             Default family used instead on input line 475.
Package textcomp Info: Symbol \textminus not provided by
(textcomp)             font family aer in TS1 encoding.
(textcomp)             Default family used instead on input line 476.
Package textcomp Info: Symbol \textminus not provided by
(textcomp)             font family aer in TS1 encoding.
(textcomp)             Default family used instead on input line 478.
<vignettes/images//m.uv.i.DAG.png, id=438, 390.70969pt x 293.59688pt>
File: vignettes/images//m.uv.i.DAG.png Graphic file (type png)
<use vignettes/images//m.uv.i.DAG.png>
Package pdftex.def Info: vignettes/images//m.uv.i.DAG.png  used on input line 482.
(pdftex.def)             Requested size: 142.26378pt x 106.90436pt.
Package textcomp Info: Symbol \textminus not provided by
(textcomp)             font family aer in TS1 encoding.
(textcomp)             Default family used instead on input line 488.
Package textcomp Info: Symbol \textminus not provided by
(textcomp)             font family aer in TS1 encoding.
(textcomp)             Default family used instead on input line 489.
Package textcomp Info: Symbol \textminus not provided by
(textcomp)             font family aer in TS1 encoding.
(textcomp)             Default family used instead on input line 490.
Package textcomp Info: Symbol \textminus not provided by
(textcomp)             font family aer in TS1 encoding.
(textcomp)             Default family used instead on input line 491.
Package textcomp Info: Symbol \textminus not provided by
(textcomp)             font family aer in TS1 encoding.
(textcomp)             Default family used instead on input line 492.
Package textcomp Info: Symbol \textminus not provided by
(textcomp)             font family aer in TS1 encoding.
(textcomp)             Default family used instead on input line 493.
Package textcomp Info: Symbol \textminus not provided by
(textcomp)             font family aer in TS1 encoding.
(textcomp)             Default family used instead on input line 494.
[17 <./vignettes/images//m.uv.i.DAG.png>]
Package textcomp Info: Symbol \textminus not provided by
(textcomp)             font family aer in TS1 encoding.
(textcomp)             Default family used instead on input line 497.
Package textcomp Info: Symbol \textminus not provided by
(textcomp)             font family aer in TS1 encoding.
(textcomp)             Default family used instead on input line 498.
Package textcomp Info: Symbol \textminus not provided by
(textcomp)             font family aer in TS1 encoding.
(textcomp)             Default family used instead on input line 499.
Package textcomp Info: Symbol \textminus not provided by
(textcomp)             font family aer in TS1 encoding.
(textcomp)             Default family used instead on input line 500.
Package textcomp Info: Symbol \textminus not provided by
(textcomp)             font family aer in TS1 encoding.
(textcomp)             Default family used instead on input line 502.
Package textcomp Info: Symbol \textminus not provided by
(textcomp)             font family aer in TS1 encoding.
(textcomp)             Default family used instead on input line 503.
Package textcomp Info: Symbol \textminus not provided by
(textcomp)             font family aer in TS1 encoding.
(textcomp)             Default family used instead on input line 504.
Package textcomp Info: Symbol \textminus not provided by
(textcomp)             font family aer in TS1 encoding.
(textcomp)             Default family used instead on input line 505.
Package textcomp Info: Symbol \textminus not provided by
(textcomp)             font family aer in TS1 encoding.
(textcomp)             Default family used instead on input line 506.
Package textcomp Info: Symbol \textminus not provided by
(textcomp)             font family aer in TS1 encoding.
(textcomp)             Default family used instead on input line 507.
Package textcomp Info: Symbol \textminus not provided by
(textcomp)             font family aer in TS1 encoding.
(textcomp)             Default family used instead on input line 520.
[18]
Package textcomp Info: Symbol \textminus not provided by
(textcomp)             font family aer in TS1 encoding.
(textcomp)             Default family used instead on input line 539.
Package textcomp Info: Symbol \textminus not provided by
(textcomp)             font family aer in TS1 encoding.
(textcomp)             Default family used instead on input line 540.
Package textcomp Info: Symbol \textminus not provided by
(textcomp)             font family aer in TS1 encoding.
(textcomp)             Default family used instead on input line 542.
Package textcomp Info: Symbol \textminus not provided by
(textcomp)             font family aer in TS1 encoding.
(textcomp)             Default family used instead on input line 545.
Package textcomp Info: Symbol \textminus not provided by
(textcomp)             font family aer in TS1 encoding.
(textcomp)             Default family used instead on input line 546.
<vignettes/images//histsc2.png, id=504, 390.70969pt x 416.30531pt>
File: vignettes/images//histsc2.png Graphic file (type png)
<use vignettes/images//histsc2.png>
Package pdftex.def Info: vignettes/images//histsc2.png  used on input line 549.
(pdftex.def)             Requested size: 170.71652pt x 181.89809pt.
[19 <./vignettes/images//histsc2.png>]
Package textcomp Info: Symbol \textminus not provided by
(textcomp)             font family aer in TS1 encoding.
(textcomp)             Default family used instead on input line 560.
<vignettes/images//scatterplotOriginal.jpeg, id=532, 684.5575pt x 559.08875pt>
File: vignettes/images//scatterplotOriginal.jpeg Graphic file (type jpg)
<use vignettes/images//scatterplotOriginal.jpeg>
Package pdftex.def Info: vignettes/images//scatterplotOriginal.jpeg  used on input line 564.
(pdftex.def)             Requested size: 199.16928pt x 162.66049pt.
Package textcomp Info: Symbol \textminus not provided by
(textcomp)             font family aer in TS1 encoding.
(textcomp)             Default family used instead on input line 569.
Package textcomp Info: Symbol \textminus not provided by
(textcomp)             font family aer in TS1 encoding.
(textcomp)             Default family used instead on input line 573.
Package textcomp Info: Symbol \textminus not provided by
(textcomp)             font family aer in TS1 encoding.
(textcomp)             Default family used instead on input line 574.
[20 <./vignettes/images//scatterplotOriginal.jpeg>]
Package textcomp Info: Symbol \textminus not provided by
(textcomp)             font family aer in TS1 encoding.
(textcomp)             Default family used instead on input line 580.
<vignettes/images//hist40.png, id=552, 359.84438pt x 350.81062pt>
File: vignettes/images//hist40.png Graphic file (type png)
<use vignettes/images//hist40.png>
Package pdftex.def Info: vignettes/images//hist40.png  used on input line 584.
(pdftex.def)             Requested size: 170.71652pt x 166.43335pt.
<vignettes/images//scatterplotradiationHIGH.jpeg, id=553, 684.5575pt x 559.08875pt>
File: vignettes/images//scatterplotradiationHIGH.jpeg Graphic file (type jpg)
<use vignettes/images//scatterplotradiationHIGH.jpeg>
Package pdftex.def Info: vignettes/images//scatterplotradiationHIGH.jpeg  used on input line 589.
(pdftex.def)             Requested size: 170.71652pt x 139.42206pt.
Package textcomp Info: Symbol \textminus not provided by
(textcomp)             font family aer in TS1 encoding.
(textcomp)             Default family used instead on input line 596.
Package textcomp Info: Symbol \textminus not provided by
(textcomp)             font family aer in TS1 encoding.
(textcomp)             Default family used instead on input line 597.
Package textcomp Info: Symbol \textminus not provided by
(textcomp)             font family aer in TS1 encoding.
(textcomp)             Default family used instead on input line 597.
Package textcomp Info: Symbol \textminus not provided by
(textcomp)             font family aer in TS1 encoding.
(textcomp)             Default family used instead on input line 600.
Package textcomp Info: Symbol \textminus not provided by
(textcomp)             font family aer in TS1 encoding.
(textcomp)             Default family used instead on input line 601.
[21 <./vignettes/images//hist40.png> <./vignettes/images//scatterplotradiationHIGH.jpeg>]
<vignettes/images//hist40neg.png, id=571, 359.84438pt x 350.81062pt>
File: vignettes/images//hist40neg.png Graphic file (type png)
<use vignettes/images//hist40neg.png>
Package pdftex.def Info: vignettes/images//hist40neg.png  used on input line 612.
(pdftex.def)             Requested size: 256.0748pt x 249.66609pt.
[22 <./vignettes/images//hist40neg.png>]
Package textcomp Info: Symbol \textminus not provided by
(textcomp)             font family aer in TS1 encoding.
(textcomp)             Default family used instead on input line 620.
Package textcomp Info: Symbol \textminus not provided by
(textcomp)             font family aer in TS1 encoding.
(textcomp)             Default family used instead on input line 621.
Package textcomp Info: Symbol \textminus not provided by
(textcomp)             font family aer in TS1 encoding.
(textcomp)             Default family used instead on input line 622.
Package textcomp Info: Symbol \textminus not provided by
(textcomp)             font family aer in TS1 encoding.
(textcomp)             Default family used instead on input line 623.
Package textcomp Info: Symbol \textminus not provided by
(textcomp)             font family aer in TS1 encoding.
(textcomp)             Default family used instead on input line 624.
Package textcomp Info: Symbol \textminus not provided by
(textcomp)             font family aer in TS1 encoding.
(textcomp)             Default family used instead on input line 625.
Package textcomp Info: Symbol \textminus not provided by
(textcomp)             font family aer in TS1 encoding.
(textcomp)             Default family used instead on input line 625.
Package textcomp Info: Symbol \textminus not provided by
(textcomp)             font family aer in TS1 encoding.
(textcomp)             Default family used instead on input line 627.
Package textcomp Info: Symbol \textminus not provided by
(textcomp)             font family aer in TS1 encoding.
(textcomp)             Default family used instead on input line 628.
Package textcomp Info: Symbol \textminus not provided by
(textcomp)             font family aer in TS1 encoding.
(textcomp)             Default family used instead on input line 629.
Package textcomp Info: Symbol \textminus not provided by
(textcomp)             font family aer in TS1 encoding.
(textcomp)             Default family used instead on input line 630.
Package textcomp Info: Symbol \textminus not provided by
(textcomp)             font family aer in TS1 encoding.
(textcomp)             Default family used instead on input line 631.
Package textcomp Info: Symbol \textminus not provided by
(textcomp)             font family aer in TS1 encoding.
(textcomp)             Default family used instead on input line 632.
Package textcomp Info: Symbol \textminus not provided by
(textcomp)             font family aer in TS1 encoding.
(textcomp)             Default family used instead on input line 634.
<vignettes/images//mUVicor.png, id=586, 359.84438pt x 303.38344pt>
File: vignettes/images//mUVicor.png Graphic file (type png)
<use vignettes/images//mUVicor.png>
Package pdftex.def Info: vignettes/images//mUVicor.png  used on input line 638.
(pdftex.def)             Requested size: 142.26378pt x 119.94392pt.
Package textcomp Info: Symbol \textminus not provided by
(textcomp)             font family aer in TS1 encoding.
(textcomp)             Default family used instead on input line 645.
Package textcomp Info: Symbol \textminus not provided by
(textcomp)             font family aer in TS1 encoding.
(textcomp)             Default family used instead on input line 645.
Package textcomp Info: Symbol \textminus not provided by
(textcomp)             font family aer in TS1 encoding.
(textcomp)             Default family used instead on input line 646.
Package textcomp Info: Symbol \textminus not provided by
(textcomp)             font family aer in TS1 encoding.
(textcomp)             Default family used instead on input line 647.
Package textcomp Info: Symbol \textminus not provided by
(textcomp)             font family aer in TS1 encoding.
(textcomp)             Default family used instead on input line 648.
[23 <./vignettes/images//mUVicor.png>]
Package textcomp Info: Symbol \textminus not provided by
(textcomp)             font family aer in TS1 encoding.
(textcomp)             Default family used instead on input line 649.
Package textcomp Info: Symbol \textminus not provided by
(textcomp)             font family aer in TS1 encoding.
(textcomp)             Default family used instead on input line 653.
Package textcomp Info: Symbol \textminus not provided by
(textcomp)             font family aer in TS1 encoding.
(textcomp)             Default family used instead on input line 653.
Package textcomp Info: Symbol \textminus not provided by
(textcomp)             font family aer in TS1 encoding.
(textcomp)             Default family used instead on input line 654.
Package textcomp Info: Symbol \textminus not provided by
(textcomp)             font family aer in TS1 encoding.
(textcomp)             Default family used instead on input line 655.
Package textcomp Info: Symbol \textminus not provided by
(textcomp)             font family aer in TS1 encoding.
(textcomp)             Default family used instead on input line 658.
Package textcomp Info: Symbol \textminus not provided by
(textcomp)             font family aer in TS1 encoding.
(textcomp)             Default family used instead on input line 659.
Package textcomp Info: Symbol \textminus not provided by
(textcomp)             font family aer in TS1 encoding.
(textcomp)             Default family used instead on input line 660.
Package textcomp Info: Symbol \textminus not provided by
(textcomp)             font family aer in TS1 encoding.
(textcomp)             Default family used instead on input line 661.
Package textcomp Info: Symbol \textminus not provided by
(textcomp)             font family aer in TS1 encoding.
(textcomp)             Default family used instead on input line 663.
Package textcomp Info: Symbol \textminus not provided by
(textcomp)             font family aer in TS1 encoding.
(textcomp)             Default family used instead on input line 664.
Package textcomp Info: Symbol \textminus not provided by
(textcomp)             font family aer in TS1 encoding.
(textcomp)             Default family used instead on input line 665.
Package textcomp Info: Symbol \textminus not provided by
(textcomp)             font family aer in TS1 encoding.
(textcomp)             Default family used instead on input line 673.
[24]
Package textcomp Info: Symbol \textminus not provided by
(textcomp)             font family aer in TS1 encoding.
(textcomp)             Default family used instead on input line 689.
Package textcomp Info: Symbol \textminus not provided by
(textcomp)             font family aer in TS1 encoding.
(textcomp)             Default family used instead on input line 690.
<vignettes/images//histextraoverY.png, id=650, 433.62pt x 271.76532pt>
File: vignettes/images//histextraoverY.png Graphic file (type png)
<use vignettes/images//histextraoverY.png>
Package pdftex.def Info: vignettes/images//histextraoverY.png  used on input line 694.
(pdftex.def)             Requested size: 227.62204pt x 142.65819pt.
[25 <./vignettes/images//histextraoverY.png>] [26]
Package textcomp Info: Symbol \textminus not provided by
(textcomp)             font family aer in TS1 encoding.
(textcomp)             Default family used instead on input line 721.
Package textcomp Info: Symbol \textminus not provided by
(textcomp)             font family aer in TS1 encoding.
(textcomp)             Default family used instead on input line 731.
Package textcomp Info: Symbol \textminus not provided by
(textcomp)             font family aer in TS1 encoding.
(textcomp)             Default family used instead on input line 732.
Package textcomp Info: Symbol \textminus not provided by
(textcomp)             font family aer in TS1 encoding.
(textcomp)             Default family used instead on input line 733.
Package textcomp Info: Symbol \textminus not provided by
(textcomp)             font family aer in TS1 encoding.
(textcomp)             Default family used instead on input line 736.
<vignettes/images//comm.effect.DAG.png, id=677, 752.8125pt x 614.295pt>
File: vignettes/images//comm.effect.DAG.png Graphic file (type png)
<use vignettes/images//comm.effect.DAG.png>
Package pdftex.def Info: vignettes/images//comm.effect.DAG.png  used on input line 743.
(pdftex.def)             Requested size: 142.26378pt x 116.08923pt.
Package textcomp Info: Symbol \textminus not provided by
(textcomp)             font family aer in TS1 encoding.
(textcomp)             Default family used instead on input line 753.
Package textcomp Info: Symbol \textminus not provided by
(textcomp)             font family aer in TS1 encoding.
(textcomp)             Default family used instead on input line 754.
Package textcomp Info: Symbol \textminus not provided by
(textcomp)             font family aer in TS1 encoding.
(textcomp)             Default family used instead on input line 755.
Package textcomp Info: Symbol \textminus not provided by
(textcomp)             font family aer in TS1 encoding.
(textcomp)             Default family used instead on input line 756.
[27 <./vignettes/images//comm.effect.DAG.png>]
Package textcomp Info: Symbol \textminus not provided by
(textcomp)             font family aer in TS1 encoding.
(textcomp)             Default family used instead on input line 759.
<vignettes/images//DAG_Situation2.png, id=706, 752.8125pt x 614.295pt>
File: vignettes/images//DAG_Situation2.png Graphic file (type png)
<use vignettes/images//DAG_Situation2.png>
Package pdftex.def Info: vignettes/images//DAG_Situation2.png  used on input line 766.
(pdftex.def)             Requested size: 142.26378pt x 116.08923pt.
Package textcomp Info: Symbol \textminus not provided by
(textcomp)             font family aer in TS1 encoding.
(textcomp)             Default family used instead on input line 784.
Package textcomp Info: Symbol \textminus not provided by
(textcomp)             font family aer in TS1 encoding.
(textcomp)             Default family used instead on input line 785.
Package textcomp Info: Symbol \textminus not provided by
(textcomp)             font family aer in TS1 encoding.
(textcomp)             Default family used instead on input line 786.
Package textcomp Info: Symbol \textminus not provided by
(textcomp)             font family aer in TS1 encoding.
(textcomp)             Default family used instead on input line 787.
Package textcomp Info: Symbol \textminus not provided by
(textcomp)             font family aer in TS1 encoding.
(textcomp)             Default family used instead on input line 792.
Package textcomp Info: Symbol \textminus not provided by
(textcomp)             font family aer in TS1 encoding.
(textcomp)             Default family used instead on input line 793.
Package textcomp Info: Symbol \textminus not provided by
(textcomp)             font family aer in TS1 encoding.
(textcomp)             Default family used instead on input line 794.
LaTeX Font Info:    External font `lmex10' loaded for size
(Font)              <10> on input line 799.
LaTeX Font Info:    External font `lmex10' loaded for size
(Font)              <7> on input line 799.
LaTeX Font Info:    External font `lmex10' loaded for size
(Font)              <5> on input line 799.
[28 <./vignettes/images//DAG_Situation2.png>]
Package textcomp Info: Symbol \textminus not provided by
(textcomp)             font family aer in TS1 encoding.
(textcomp)             Default family used instead on input line 808.
Package textcomp Info: Symbol \textminus not provided by
(textcomp)             font family aer in TS1 encoding.
(textcomp)             Default family used instead on input line 809.
Package textcomp Info: Symbol \textminus not provided by
(textcomp)             font family aer in TS1 encoding.
(textcomp)             Default family used instead on input line 810.
Package textcomp Info: Symbol \textminus not provided by
(textcomp)             font family aer in TS1 encoding.
(textcomp)             Default family used instead on input line 812.
Package textcomp Info: Symbol \textminus not provided by
(textcomp)             font family aer in TS1 encoding.
(textcomp)             Default family used instead on input line 813.
Package textcomp Info: Symbol \textminus not provided by
(textcomp)             font family aer in TS1 encoding.
(textcomp)             Default family used instead on input line 814.
Package textcomp Info: Symbol \textminus not provided by
(textcomp)             font family aer in TS1 encoding.
(textcomp)             Default family used instead on input line 832.
Package textcomp Info: Symbol \textminus not provided by
(textcomp)             font family aer in TS1 encoding.
(textcomp)             Default family used instead on input line 833.
Package textcomp Info: Symbol \textminus not provided by
(textcomp)             font family aer in TS1 encoding.
(textcomp)             Default family used instead on input line 847.
Package textcomp Info: Symbol \textminus not provided by
(textcomp)             font family aer in TS1 encoding.
(textcomp)             Default family used instead on input line 848.
Package textcomp Info: Symbol \textminus not provided by
(textcomp)             font family aer in TS1 encoding.
(textcomp)             Default family used instead on input line 849.
Package textcomp Info: Symbol \textminus not provided by
(textcomp)             font family aer in TS1 encoding.
(textcomp)             Default family used instead on input line 850.
<vignettes/images//PLOT_CASE1.png, id=730, 496.10344pt x 428.35031pt>
File: vignettes/images//PLOT_CASE1.png Graphic file (type png)
<use vignettes/images//PLOT_CASE1.png>
Package pdftex.def Info: vignettes/images//PLOT_CASE1.png  used on input line 857.
(pdftex.def)             Requested size: 199.16928pt x 171.97108pt.

LaTeX Warning: `h' float specifier changed to `ht'.

[29]
Package textcomp Info: Symbol \textminus not provided by
(textcomp)             font family aer in TS1 encoding.
(textcomp)             Default family used instead on input line 880.
Package textcomp Info: Symbol \textminus not provided by
(textcomp)             font family aer in TS1 encoding.
(textcomp)             Default family used instead on input line 882.
Package textcomp Info: Symbol \textminus not provided by
(textcomp)             font family aer in TS1 encoding.
(textcomp)             Default family used instead on input line 883.
Package textcomp Info: Symbol \textminus not provided by
(textcomp)             font family aer in TS1 encoding.
(textcomp)             Default family used instead on input line 885.
Package textcomp Info: Symbol \textminus not provided by
(textcomp)             font family aer in TS1 encoding.
(textcomp)             Default family used instead on input line 886.
Package textcomp Info: Symbol \textminus not provided by
(textcomp)             font family aer in TS1 encoding.
(textcomp)             Default family used instead on input line 888.
Package textcomp Info: Symbol \textminus not provided by
(textcomp)             font family aer in TS1 encoding.
(textcomp)             Default family used instead on input line 892.
[30 <./vignettes/images//PLOT_CASE1.png>]
Package textcomp Info: Symbol \textminus not provided by
(textcomp)             font family aer in TS1 encoding.
(textcomp)             Default family used instead on input line 905.
Package textcomp Info: Symbol \textminus not provided by
(textcomp)             font family aer in TS1 encoding.
(textcomp)             Default family used instead on input line 907.
Package textcomp Info: Symbol \textminus not provided by
(textcomp)             font family aer in TS1 encoding.
(textcomp)             Default family used instead on input line 908.
Package textcomp Info: Symbol \textminus not provided by
(textcomp)             font family aer in TS1 encoding.
(textcomp)             Default family used instead on input line 910.
Package textcomp Info: Symbol \textminus not provided by
(textcomp)             font family aer in TS1 encoding.
(textcomp)             Default family used instead on input line 911.
Package textcomp Info: Symbol \textminus not provided by
(textcomp)             font family aer in TS1 encoding.
(textcomp)             Default family used instead on input line 913.
Package textcomp Info: Symbol \textminus not provided by
(textcomp)             font family aer in TS1 encoding.
(textcomp)             Default family used instead on input line 914.
Package textcomp Info: Symbol \textminus not provided by
(textcomp)             font family aer in TS1 encoding.
(textcomp)             Default family used instead on input line 916.
Package textcomp Info: Symbol \textminus not provided by
(textcomp)             font family aer in TS1 encoding.
(textcomp)             Default family used instead on input line 921.
[31]
Package textcomp Info: Symbol \textminus not provided by
(textcomp)             font family aer in TS1 encoding.
(textcomp)             Default family used instead on input line 935.
Package textcomp Info: Symbol \textminus not provided by
(textcomp)             font family aer in TS1 encoding.
(textcomp)             Default family used instead on input line 938.
Package textcomp Info: Symbol \textminus not provided by
(textcomp)             font family aer in TS1 encoding.
(textcomp)             Default family used instead on input line 939.
Package textcomp Info: Symbol \textminus not provided by
(textcomp)             font family aer in TS1 encoding.
(textcomp)             Default family used instead on input line 941.
Package textcomp Info: Symbol \textminus not provided by
(textcomp)             font family aer in TS1 encoding.
(textcomp)             Default family used instead on input line 942.
Package textcomp Info: Symbol \textminus not provided by
(textcomp)             font family aer in TS1 encoding.
(textcomp)             Default family used instead on input line 944.
Package textcomp Info: Symbol \textminus not provided by
(textcomp)             font family aer in TS1 encoding.
(textcomp)             Default family used instead on input line 945.
Package textcomp Info: Symbol \textminus not provided by
(textcomp)             font family aer in TS1 encoding.
(textcomp)             Default family used instead on input line 947.
Package textcomp Info: Symbol \textminus not provided by
(textcomp)             font family aer in TS1 encoding.
(textcomp)             Default family used instead on input line 948.
Package textcomp Info: Symbol \textminus not provided by
(textcomp)             font family aer in TS1 encoding.
(textcomp)             Default family used instead on input line 950.
Package textcomp Info: Symbol \textminus not provided by
(textcomp)             font family aer in TS1 encoding.
(textcomp)             Default family used instead on input line 957.
[32]
Package textcomp Info: Symbol \textminus not provided by
(textcomp)             font family aer in TS1 encoding.
(textcomp)             Default family used instead on input line 982.
Package textcomp Info: Symbol \textminus not provided by
(textcomp)             font family aer in TS1 encoding.
(textcomp)             Default family used instead on input line 983.
Package textcomp Info: Symbol \textminus not provided by
(textcomp)             font family aer in TS1 encoding.
(textcomp)             Default family used instead on input line 984.
[33]
Package textcomp Info: Symbol \textminus not provided by
(textcomp)             font family aer in TS1 encoding.
(textcomp)             Default family used instead on input line 1014.
Package textcomp Info: Symbol \textminus not provided by
(textcomp)             font family aer in TS1 encoding.
(textcomp)             Default family used instead on input line 1015.
Package textcomp Info: Symbol \textminus not provided by
(textcomp)             font family aer in TS1 encoding.
(textcomp)             Default family used instead on input line 1016.
Package textcomp Info: Symbol \textminus not provided by
(textcomp)             font family aer in TS1 encoding.
(textcomp)             Default family used instead on input line 1019.
<vignettes/images//DAG_CIG_LUNG.png, id=888, 473.51906pt x 370.38374pt>
File: vignettes/images//DAG_CIG_LUNG.png Graphic file (type png)
<use vignettes/images//DAG_CIG_LUNG.png>
Package pdftex.def Info: vignettes/images//DAG_CIG_LUNG.png  used on input line 1030.
(pdftex.def)             Requested size: 199.16928pt x 155.78616pt.

Overfull \hbox (3.17728pt too wide) in paragraph at lines 1035--1037
[]\T1/aer/m/n/10 We now gen-er-ate the data for this par-tic-u-lar ex-am-ple, in which both cigarettes
 []

Package textcomp Info: Symbol \textminus not provided by
(textcomp)             font family aer in TS1 encoding.
(textcomp)             Default family used instead on input line 1041.
Package textcomp Info: Symbol \textminus not provided by
(textcomp)             font family aer in TS1 encoding.
(textcomp)             Default family used instead on input line 1041.
Package textcomp Info: Symbol \textminus not provided by
(textcomp)             font family aer in TS1 encoding.
(textcomp)             Default family used instead on input line 1042.
Package textcomp Info: Symbol \textminus not provided by
(textcomp)             font family aer in TS1 encoding.
(textcomp)             Default family used instead on input line 1042.
Package textcomp Info: Symbol \textminus not provided by
(textcomp)             font family aer in TS1 encoding.
(textcomp)             Default family used instead on input line 1044.
Package textcomp Info: Symbol \textminus not provided by
(textcomp)             font family aer in TS1 encoding.
(textcomp)             Default family used instead on input line 1045.
Package textcomp Info: Symbol \textminus not provided by
(textcomp)             font family aer in TS1 encoding.
(textcomp)             Default family used instead on input line 1046.
[34 <./vignettes/images//DAG_CIG_LUNG.png>]
Package textcomp Info: Symbol \textminus not provided by
(textcomp)             font family aer in TS1 encoding.
(textcomp)             Default family used instead on input line 1070.
Package textcomp Info: Symbol \textminus not provided by
(textcomp)             font family aer in TS1 encoding.
(textcomp)             Default family used instead on input line 1074.
Package textcomp Info: Symbol \textminus not provided by
(textcomp)             font family aer in TS1 encoding.
(textcomp)             Default family used instead on input line 1076.
Package textcomp Info: Symbol \textminus not provided by
(textcomp)             font family aer in TS1 encoding.
(textcomp)             Default family used instead on input line 1077.
Package textcomp Info: Symbol \textminus not provided by
(textcomp)             font family aer in TS1 encoding.
(textcomp)             Default family used instead on input line 1078.
Package textcomp Info: Symbol \textminus not provided by
(textcomp)             font family aer in TS1 encoding.
(textcomp)             Default family used instead on input line 1079.
Package textcomp Info: Symbol \textminus not provided by
(textcomp)             font family aer in TS1 encoding.
(textcomp)             Default family used instead on input line 1080.
Package textcomp Info: Symbol \textminus not provided by
(textcomp)             font family aer in TS1 encoding.
(textcomp)             Default family used instead on input line 1082.
<vignettes/images//LBW1DAG.png, id=916, 349.305pt x 298.11375pt>
File: vignettes/images//LBW1DAG.png Graphic file (type png)
<use vignettes/images//LBW1DAG.png>
Package pdftex.def Info: vignettes/images//LBW1DAG.png  used on input line 1086.
(pdftex.def)             Requested size: 227.62204pt x 194.26746pt.

LaTeX Warning: `h' float specifier changed to `ht'.

[35]
Package textcomp Info: Symbol \textminus not provided by
(textcomp)             font family aer in TS1 encoding.
(textcomp)             Default family used instead on input line 1091.
Package textcomp Info: Symbol \textminus not provided by
(textcomp)             font family aer in TS1 encoding.
(textcomp)             Default family used instead on input line 1092.
Package textcomp Info: Symbol \textminus not provided by
(textcomp)             font family aer in TS1 encoding.
(textcomp)             Default family used instead on input line 1093.
Package textcomp Info: Symbol \textminus not provided by
(textcomp)             font family aer in TS1 encoding.
(textcomp)             Default family used instead on input line 1094.
Package textcomp Info: Symbol \textminus not provided by
(textcomp)             font family aer in TS1 encoding.
(textcomp)             Default family used instead on input line 1095.
Package textcomp Info: Symbol \textminus not provided by
(textcomp)             font family aer in TS1 encoding.
(textcomp)             Default family used instead on input line 1096.
Package textcomp Info: Symbol \textminus not provided by
(textcomp)             font family aer in TS1 encoding.
(textcomp)             Default family used instead on input line 1098.
<vignettes/images//LBW2DAG.png, id=939, 349.305pt x 298.11375pt>
File: vignettes/images//LBW2DAG.png Graphic file (type png)
<use vignettes/images//LBW2DAG.png>
Package pdftex.def Info: vignettes/images//LBW2DAG.png  used on input line 1102.
(pdftex.def)             Requested size: 227.62204pt x 194.26746pt.

LaTeX Warning: `h' float specifier changed to `ht'.

[36 <./vignettes/images//LBW1DAG.png>]
Package textcomp Info: Symbol \textminus not provided by
(textcomp)             font family aer in TS1 encoding.
(textcomp)             Default family used instead on input line 1111.
Package textcomp Info: Symbol \textminus not provided by
(textcomp)             font family aer in TS1 encoding.
(textcomp)             Default family used instead on input line 1113.
Package textcomp Info: Symbol \textminus not provided by
(textcomp)             font family aer in TS1 encoding.
(textcomp)             Default family used instead on input line 1114.
Package textcomp Info: Symbol \textminus not provided by
(textcomp)             font family aer in TS1 encoding.
(textcomp)             Default family used instead on input line 1115.
[37 <./vignettes/images//LBW2DAG.png>]
Package textcomp Info: Symbol \textminus not provided by
(textcomp)             font family aer in TS1 encoding.
(textcomp)             Default family used instead on input line 1116.
Package textcomp Info: Symbol \textminus not provided by
(textcomp)             font family aer in TS1 encoding.
(textcomp)             Default family used instead on input line 1118.
Package textcomp Info: Symbol \textminus not provided by
(textcomp)             font family aer in TS1 encoding.
(textcomp)             Default family used instead on input line 1120.
Package textcomp Info: Symbol \textminus not provided by
(textcomp)             font family aer in TS1 encoding.
(textcomp)             Default family used instead on input line 1121.
Package textcomp Info: Symbol \textminus not provided by
(textcomp)             font family aer in TS1 encoding.
(textcomp)             Default family used instead on input line 1122.
Package textcomp Info: Symbol \textminus not provided by
(textcomp)             font family aer in TS1 encoding.
(textcomp)             Default family used instead on input line 1123.
Package textcomp Info: Symbol \textminus not provided by
(textcomp)             font family aer in TS1 encoding.
(textcomp)             Default family used instead on input line 1125.
[38] [39] (./Collounder.vignette.aux)
Package rerunfilecheck Info: File `Collounder.vignette.out' has not changed.
(rerunfilecheck)             Checksum: D2B557C25FC9667875FC6B27D197C399;1033.
 ) 
Here is how much of TeX's memory you used:
 14404 strings out of 480313
 229737 string characters out of 5895781
 1098962 words of memory out of 5000000
 31272 multiletter control sequences out of 15000+600000
 444986 words of font info for 76 fonts, out of 8000000 for 9000
 14 hyphenation exceptions out of 8191
 70i,6n,79p,1039b,1825s stack positions out of 5000i,500n,10000p,200000b,80000s
{c:/Users/inesk/AppData/Roaming/TinyTeX/texmf-dist/fonts/enc/dvips/lm/lm-rm.enc}{c:/Users/inesk/AppData/Roaming/TinyTeX/texmf-dist/fonts/enc/dvips/lm/lm-mathit.enc} <c:/Users/inesk/AppData/Roaming/TinyTeX/texmf-var/fonts/pk/ljfour/jknappen/ec/tcrm1000.600pk><c:/Users/inesk/AppData/Roaming/TinyTeX/texmf-dist/fonts/type1/public/amsfonts/cm/cmb10.pfb><c:/Users/inesk/AppData/Roaming/TinyTeX/texmf-dist/fonts/type1/public/amsfonts/cm/cmmi10.pfb><c:/Users/inesk/AppData/Roaming/TinyTeX/texmf-dist/fonts/type1/public/amsfonts/cm/cmr10.pfb><c:/Users/inesk/AppData/Roaming/TinyTeX/texmf-dist/fonts/type1/public/amsfonts/cm/cmr12.pfb><c:/Users/inesk/AppData/Roaming/TinyTeX/texmf-dist/fonts/type1/public/amsfonts/cm/cmr17.pfb><c:/Users/inesk/AppData/Roaming/TinyTeX/texmf-dist/fonts/type1/public/amsfonts/cm/cmsy10.pfb><c:/Users/inesk/AppData/Roaming/TinyTeX/texmf-dist/fonts/type1/public/lm/lmmi10.pfb><c:/Users/inesk/AppData/Roaming/TinyTeX/texmf-dist/fonts/type1/public/lm/lmr10.pfb>
Output written on Collounder.vignette.pdf (39 pages, 521068 bytes).
PDF statistics:
 1201 PDF objects out of 1440 (max. 8388607)
 1092 compressed objects within 11 object streams
 780 named destinations out of 1000 (max. 500000)
 159 words of extra memory for PDF output out of 10000 (max. 10000000)

