This is pdfTeX, Version 3.141592653-2.6-1.40.23 (TeX Live 2021/W32TeX) (preloaded format=pdflatex 2022.1.8)  10 JAN 2022 22:44
entering extended mode
 \write18 enabled.
 %&-line parsing enabled.
**c:/Users/inesk/Documents/R/causal_inference/vignettes/Collounder.vignette.tex
(c:/Users/inesk/Documents/R/causal_inference/vignettes/Collounder.vignette.tex
LaTeX2e <2021-11-15> patch level 1
L3 programming layer <2021-11-22> (c:/Users/inesk/AppData/Roaming/TinyTeX/texmf-dist/tex/latex/base/article.cls
Document Class: article 2021/10/04 v1.4n Standard LaTeX document class
(c:/Users/inesk/AppData/Roaming/TinyTeX/texmf-dist/tex/latex/base/size10.clo
File: size10.clo 2021/10/04 v1.4n Standard LaTeX file (size option)
)
\c@part=\count183
\c@section=\count184
\c@subsection=\count185
\c@subsubsection=\count186
\c@paragraph=\count187
\c@subparagraph=\count188
\c@figure=\count189
\c@table=\count190
\abovecaptionskip=\skip47
\belowcaptionskip=\skip48
\bibindent=\dimen138
) (c:/Users/inesk/AppData/Roaming/TinyTeX/texmf-dist/tex/latex/lm/lmodern.sty
Package: lmodern 2015/05/01 v1.6.1 Latin Modern Fonts
LaTeX Font Info:    Overwriting symbol font `operators' in version `normal'
(Font)                  OT1/cmr/m/n --> OT1/lmr/m/n on input line 22.
LaTeX Font Info:    Overwriting symbol font `letters' in version `normal'
(Font)                  OML/cmm/m/it --> OML/lmm/m/it on input line 23.
LaTeX Font Info:    Overwriting symbol font `symbols' in version `normal'
(Font)                  OMS/cmsy/m/n --> OMS/lmsy/m/n on input line 24.
LaTeX Font Info:    Overwriting symbol font `largesymbols' in version `normal'
(Font)                  OMX/cmex/m/n --> OMX/lmex/m/n on input line 25.
LaTeX Font Info:    Overwriting symbol font `operators' in version `bold'
(Font)                  OT1/cmr/bx/n --> OT1/lmr/bx/n on input line 26.
LaTeX Font Info:    Overwriting symbol font `letters' in version `bold'
(Font)                  OML/cmm/b/it --> OML/lmm/b/it on input line 27.
LaTeX Font Info:    Overwriting symbol font `symbols' in version `bold'
(Font)                  OMS/cmsy/b/n --> OMS/lmsy/b/n on input line 28.
LaTeX Font Info:    Overwriting symbol font `largesymbols' in version `bold'
(Font)                  OMX/cmex/m/n --> OMX/lmex/m/n on input line 29.
LaTeX Font Info:    Overwriting math alphabet `\mathbf' in version `normal'
(Font)                  OT1/cmr/bx/n --> OT1/lmr/bx/n on input line 31.
LaTeX Font Info:    Overwriting math alphabet `\mathsf' in version `normal'
(Font)                  OT1/cmss/m/n --> OT1/lmss/m/n on input line 32.
LaTeX Font Info:    Overwriting math alphabet `\mathit' in version `normal'
(Font)                  OT1/cmr/m/it --> OT1/lmr/m/it on input line 33.
LaTeX Font Info:    Overwriting math alphabet `\mathtt' in version `normal'
(Font)                  OT1/cmtt/m/n --> OT1/lmtt/m/n on input line 34.
LaTeX Font Info:    Overwriting math alphabet `\mathbf' in version `bold'
(Font)                  OT1/cmr/bx/n --> OT1/lmr/bx/n on input line 35.
LaTeX Font Info:    Overwriting math alphabet `\mathsf' in version `bold'
(Font)                  OT1/cmss/bx/n --> OT1/lmss/bx/n on input line 36.
LaTeX Font Info:    Overwriting math alphabet `\mathit' in version `bold'
(Font)                  OT1/cmr/bx/it --> OT1/lmr/bx/it on input line 37.
LaTeX Font Info:    Overwriting math alphabet `\mathtt' in version `bold'
(Font)                  OT1/cmtt/m/n --> OT1/lmtt/m/n on input line 38.
) (c:/Users/inesk/AppData/Roaming/TinyTeX/texmf-dist/tex/latex/base/fontenc.sty
Package: fontenc 2021/04/29 v2.0v Standard LaTeX package
LaTeX Font Info:    Trying to load font information for T1+lmr on input line 112.
(c:/Users/inesk/AppData/Roaming/TinyTeX/texmf-dist/tex/latex/lm/t1lmr.fd
File: t1lmr.fd 2015/05/01 v1.6.1 Font defs for Latin Modern
)) (c:/Users/inesk/AppData/Roaming/TinyTeX/texmf-dist/tex/latex/tools/array.sty
Package: array 2021/10/04 v2.5f Tabular extension package (FMi)
\col@sep=\dimen139
\ar@mcellbox=\box50
\extrarowheight=\dimen140
\NC@list=\toks16
\extratabsurround=\skip49
\backup@length=\skip50
\ar@cellbox=\box51
) (c:/Users/inesk/AppData/Roaming/TinyTeX/texmf-dist/tex/latex/mathtools/mathtools.sty
Package: mathtools 2021/04/12 v1.27 mathematical typesetting tools
(c:/Users/inesk/AppData/Roaming/TinyTeX/texmf-dist/tex/latex/graphics/keyval.sty
Package: keyval 2014/10/28 v1.15 key=value parser (DPC)
\KV@toks@=\toks17
) (c:/Users/inesk/AppData/Roaming/TinyTeX/texmf-dist/tex/latex/tools/calc.sty
Package: calc 2017/05/25 v4.3 Infix arithmetic (KKT,FJ)
\calc@Acount=\count191
\calc@Bcount=\count192
\calc@Adimen=\dimen141
\calc@Bdimen=\dimen142
\calc@Askip=\skip51
\calc@Bskip=\skip52
LaTeX Info: Redefining \setlength on input line 80.
LaTeX Info: Redefining \addtolength on input line 81.
\calc@Ccount=\count193
\calc@Cskip=\skip53
) (c:/Users/inesk/AppData/Roaming/TinyTeX/texmf-dist/tex/latex/mathtools/mhsetup.sty
Package: mhsetup 2021/03/18 v1.4 programming setup (MH)
) (c:/Users/inesk/AppData/Roaming/TinyTeX/texmf-dist/tex/latex/amsmath/amsmath.sty
Package: amsmath 2021/10/15 v2.17l AMS math features
\@mathmargin=\skip54
For additional information on amsmath, use the `?' option.
(c:/Users/inesk/AppData/Roaming/TinyTeX/texmf-dist/tex/latex/amsmath/amstext.sty
Package: amstext 2021/08/26 v2.01 AMS text
(c:/Users/inesk/AppData/Roaming/TinyTeX/texmf-dist/tex/latex/amsmath/amsgen.sty
File: amsgen.sty 1999/11/30 v2.0 generic functions
\@emptytoks=\toks18
\ex@=\dimen143
)) (c:/Users/inesk/AppData/Roaming/TinyTeX/texmf-dist/tex/latex/amsmath/amsbsy.sty
Package: amsbsy 1999/11/29 v1.2d Bold Symbols
\pmbraise@=\dimen144
) (c:/Users/inesk/AppData/Roaming/TinyTeX/texmf-dist/tex/latex/amsmath/amsopn.sty
Package: amsopn 2021/08/26 v2.02 operator names
)
\inf@bad=\count194
LaTeX Info: Redefining \frac on input line 234.
\uproot@=\count195
\leftroot@=\count196
LaTeX Info: Redefining \overline on input line 399.
\classnum@=\count197
\DOTSCASE@=\count198
LaTeX Info: Redefining \ldots on input line 496.
LaTeX Info: Redefining \dots on input line 499.
LaTeX Info: Redefining \cdots on input line 620.
\Mathstrutbox@=\box52
\strutbox@=\box53
\big@size=\dimen145
LaTeX Font Info:    Redeclaring font encoding OML on input line 743.
LaTeX Font Info:    Redeclaring font encoding OMS on input line 744.
\macc@depth=\count199
\c@MaxMatrixCols=\count266
\dotsspace@=\muskip16
\c@parentequation=\count267
\dspbrk@lvl=\count268
\tag@help=\toks19
\row@=\count269
\column@=\count270
\maxfields@=\count271
\andhelp@=\toks20
\eqnshift@=\dimen146
\alignsep@=\dimen147
\tagshift@=\dimen148
\tagwidth@=\dimen149
\totwidth@=\dimen150
\lineht@=\dimen151
\@envbody=\toks21
\multlinegap=\skip55
\multlinetaggap=\skip56
\mathdisplay@stack=\toks22
LaTeX Info: Redefining \[ on input line 2938.
LaTeX Info: Redefining \] on input line 2939.
)
LaTeX Info: Thecontrolsequence`\('isalreadyrobust on input line 130.
LaTeX Info: Thecontrolsequence`\)'isalreadyrobust on input line 130.
LaTeX Info: Thecontrolsequence`\['isalreadyrobust on input line 130.
LaTeX Info: Thecontrolsequence`\]'isalreadyrobust on input line 130.
\g_MT_multlinerow_int=\count272
\l_MT_multwidth_dim=\dimen152
\origjot=\skip57
\l_MT_shortvdotswithinadjustabove_dim=\dimen153
\l_MT_shortvdotswithinadjustbelow_dim=\dimen154
\l_MT_above_intertext_sep=\dimen155
\l_MT_below_intertext_sep=\dimen156
\l_MT_above_shortintertext_sep=\dimen157
\l_MT_below_shortintertext_sep=\dimen158
\xmathstrut@box=\box54
\xmathstrut@dim=\dimen159
) (c:/Users/inesk/AppData/Roaming/TinyTeX/texmf-dist/tex/latex/hyperref/hyperref.sty
Package: hyperref 2021-06-07 v7.00m Hypertext links for LaTeX
(c:/Users/inesk/AppData/Roaming/TinyTeX/texmf-dist/tex/generic/ltxcmds/ltxcmds.sty
Package: ltxcmds 2020-05-10 v1.25 LaTeX kernel commands for general use (HO)
) (c:/Users/inesk/AppData/Roaming/TinyTeX/texmf-dist/tex/generic/iftex/iftex.sty
Package: iftex 2020/03/06 v1.0d TeX engine tests
) (c:/Users/inesk/AppData/Roaming/TinyTeX/texmf-dist/tex/generic/pdftexcmds/pdftexcmds.sty
Package: pdftexcmds 2020-06-27 v0.33 Utility functions of pdfTeX for LuaTeX (HO)
(c:/Users/inesk/AppData/Roaming/TinyTeX/texmf-dist/tex/generic/infwarerr/infwarerr.sty
Package: infwarerr 2019/12/03 v1.5 Providing info/warning/error messages (HO)
)
Package pdftexcmds Info: \pdf@primitive is available.
Package pdftexcmds Info: \pdf@ifprimitive is available.
Package pdftexcmds Info: \pdfdraftmode found.
) (c:/Users/inesk/AppData/Roaming/TinyTeX/texmf-dist/tex/generic/kvsetkeys/kvsetkeys.sty
Package: kvsetkeys 2019/12/15 v1.18 Key value parser (HO)
) (c:/Users/inesk/AppData/Roaming/TinyTeX/texmf-dist/tex/generic/kvdefinekeys/kvdefinekeys.sty
Package: kvdefinekeys 2019-12-19 v1.6 Define keys (HO)
) (c:/Users/inesk/AppData/Roaming/TinyTeX/texmf-dist/tex/generic/pdfescape/pdfescape.sty
Package: pdfescape 2019/12/09 v1.15 Implements pdfTeX's escape features (HO)
) (c:/Users/inesk/AppData/Roaming/TinyTeX/texmf-dist/tex/latex/hycolor/hycolor.sty
Package: hycolor 2020-01-27 v1.10 Color options for hyperref/bookmark (HO)
) (c:/Users/inesk/AppData/Roaming/TinyTeX/texmf-dist/tex/latex/letltxmacro/letltxmacro.sty
Package: letltxmacro 2019/12/03 v1.6 Let assignment for LaTeX macros (HO)
) (c:/Users/inesk/AppData/Roaming/TinyTeX/texmf-dist/tex/latex/auxhook/auxhook.sty
Package: auxhook 2019-12-17 v1.6 Hooks for auxiliary files (HO)
) (c:/Users/inesk/AppData/Roaming/TinyTeX/texmf-dist/tex/latex/kvoptions/kvoptions.sty
Package: kvoptions 2020-10-07 v3.14 Key value format for package options (HO)
)
\@linkdim=\dimen160
\Hy@linkcounter=\count273
\Hy@pagecounter=\count274
(c:/Users/inesk/AppData/Roaming/TinyTeX/texmf-dist/tex/latex/hyperref/pd1enc.def
File: pd1enc.def 2021-06-07 v7.00m Hyperref: PDFDocEncoding definition (HO)
Now handling font encoding PD1 ...
... no UTF-8 mapping file for font encoding PD1
) (c:/Users/inesk/AppData/Roaming/TinyTeX/texmf-dist/tex/latex/hyperref/hyperref-langpatches.def
File: hyperref-langpatches.def 2021-06-07 v7.00m Hyperref: patches for babel languages
) (c:/Users/inesk/AppData/Roaming/TinyTeX/texmf-dist/tex/generic/intcalc/intcalc.sty
Package: intcalc 2019/12/15 v1.3 Expandable calculations with integers (HO)
) (c:/Users/inesk/AppData/Roaming/TinyTeX/texmf-dist/tex/generic/etexcmds/etexcmds.sty
Package: etexcmds 2019/12/15 v1.7 Avoid name clashes with e-TeX commands (HO)
)
\Hy@SavedSpaceFactor=\count275
(c:/Users/inesk/AppData/Roaming/TinyTeX/texmf-dist/tex/latex/hyperref/puenc.def
File: puenc.def 2021-06-07 v7.00m Hyperref: PDF Unicode definition (HO)
Now handling font encoding PU ...
... no UTF-8 mapping file for font encoding PU
)
Package hyperref Info: Hyper figures OFF on input line 4192.
Package hyperref Info: Link nesting OFF on input line 4197.
Package hyperref Info: Hyper index ON on input line 4200.
Package hyperref Info: Plain pages OFF on input line 4207.
Package hyperref Info: Backreferencing OFF on input line 4212.
Package hyperref Info: Implicit mode ON; LaTeX internals redefined.
Package hyperref Info: Bookmarks ON on input line 4445.
\c@Hy@tempcnt=\count276
(c:/Users/inesk/AppData/Roaming/TinyTeX/texmf-dist/tex/latex/url/url.sty
\Urlmuskip=\muskip17
Package: url 2013/09/16  ver 3.4  Verb mode for urls, etc.
)
LaTeX Info: Redefining \url on input line 4804.
\XeTeXLinkMargin=\dimen161
(c:/Users/inesk/AppData/Roaming/TinyTeX/texmf-dist/tex/generic/bitset/bitset.sty
Package: bitset 2019/12/09 v1.3 Handle bit-vector datatype (HO)
(c:/Users/inesk/AppData/Roaming/TinyTeX/texmf-dist/tex/generic/bigintcalc/bigintcalc.sty
Package: bigintcalc 2019/12/15 v1.5 Expandable calculations on big integers (HO)
))
\Fld@menulength=\count277
\Field@Width=\dimen162
\Fld@charsize=\dimen163
Package hyperref Info: Hyper figures OFF on input line 6076.
Package hyperref Info: Link nesting OFF on input line 6081.
Package hyperref Info: Hyper index ON on input line 6084.
Package hyperref Info: backreferencing OFF on input line 6091.
Package hyperref Info: Link coloring OFF on input line 6096.
Package hyperref Info: Link coloring with OCG OFF on input line 6101.
Package hyperref Info: PDF/A mode OFF on input line 6106.
LaTeX Info: Redefining \ref on input line 6146.
LaTeX Info: Redefining \pageref on input line 6150.
(c:/Users/inesk/AppData/Roaming/TinyTeX/texmf-dist/tex/latex/base/atbegshi-ltx.sty
Package: atbegshi-ltx 2021/01/10 v1.0c Emulation of the original atbegshi
package with kernel methods
)
\Hy@abspage=\count278
\c@Item=\count279
\c@Hfootnote=\count280
)
Package hyperref Info: Driver (autodetected): hpdftex.
(c:/Users/inesk/AppData/Roaming/TinyTeX/texmf-dist/tex/latex/hyperref/hpdftex.def
File: hpdftex.def 2021-06-07 v7.00m Hyperref driver for pdfTeX
(c:/Users/inesk/AppData/Roaming/TinyTeX/texmf-dist/tex/latex/base/atveryend-ltx.sty
Package: atveryend-ltx 2020/08/19 v1.0a Emulation of the original atveryend package
with kernel methods
)
\Fld@listcount=\count281
\c@bookmark@seq@number=\count282
(c:/Users/inesk/AppData/Roaming/TinyTeX/texmf-dist/tex/latex/rerunfilecheck/rerunfilecheck.sty
Package: rerunfilecheck 2019/12/05 v1.9 Rerun checks for auxiliary files (HO)
(c:/Users/inesk/AppData/Roaming/TinyTeX/texmf-dist/tex/generic/uniquecounter/uniquecounter.sty
Package: uniquecounter 2019/12/15 v1.4 Provide unlimited unique counter (HO)
)
Package uniquecounter Info: New unique counter `rerunfilecheck' on input line 286.
)
\Hy@SectionHShift=\skip58
) (c:/Program Files/R/R-4.1.2/share/texmf/tex/latex/Sweave.sty
Package: Sweave 
(c:/Users/inesk/AppData/Roaming/TinyTeX/texmf-dist/tex/latex/base/ifthen.sty
Package: ifthen 2020/11/24 v1.1c Standard LaTeX ifthen package (DPC)
) (c:/Users/inesk/AppData/Roaming/TinyTeX/texmf-dist/tex/latex/graphics/graphicx.sty
Package: graphicx 2021/09/16 v1.2d Enhanced LaTeX Graphics (DPC,SPQR)
(c:/Users/inesk/AppData/Roaming/TinyTeX/texmf-dist/tex/latex/graphics/graphics.sty
Package: graphics 2021/03/04 v1.4d Standard LaTeX Graphics (DPC,SPQR)
(c:/Users/inesk/AppData/Roaming/TinyTeX/texmf-dist/tex/latex/graphics/trig.sty
Package: trig 2021/08/11 v1.11 sin cos tan (DPC)
) (c:/Users/inesk/AppData/Roaming/TinyTeX/texmf-dist/tex/latex/graphics-cfg/graphics.cfg
File: graphics.cfg 2016/06/04 v1.11 sample graphics configuration
)
Package graphics Info: Driver file: pdftex.def on input line 107.
(c:/Users/inesk/AppData/Roaming/TinyTeX/texmf-dist/tex/latex/graphics-def/pdftex.def
File: pdftex.def 2020/10/05 v1.2a Graphics/color driver for pdftex
))
\Gin@req@height=\dimen164
\Gin@req@width=\dimen165
) (c:/Users/inesk/AppData/Roaming/TinyTeX/texmf-dist/tex/latex/fancyvrb/fancyvrb.sty
Package: fancyvrb 2021/12/21 4.1b verbatim text (tvz,hv)
\FV@CodeLineNo=\count283
\FV@InFile=\read2
\FV@TabBox=\box55
\c@FancyVerbLine=\count284
\FV@StepNumber=\count285
\FV@OutFile=\write3
) (c:/Users/inesk/AppData/Roaming/TinyTeX/texmf-dist/tex/latex/base/textcomp.sty
Package: textcomp 2020/02/02 v2.0n Standard LaTeX package
) (c:/Users/inesk/AppData/Roaming/TinyTeX/texmf-dist/tex/latex/base/fontenc.sty
Package: fontenc 2021/04/29 v2.0v Standard LaTeX package
) (c:/Users/inesk/AppData/Roaming/TinyTeX/texmf-dist/tex/latex/ae/ae.sty
Package: ae 2001/02/12 1.3 Almost European Computer Modern
(c:/Users/inesk/AppData/Roaming/TinyTeX/texmf-dist/tex/latex/base/fontenc.sty
Package: fontenc 2021/04/29 v2.0v Standard LaTeX package
))) (c:/Users/inesk/AppData/Roaming/TinyTeX/texmf-dist/tex/latex/xcolor/xcolor.sty
Package: xcolor 2021/10/31 v2.13 LaTeX color extensions (UK)
(c:/Users/inesk/AppData/Roaming/TinyTeX/texmf-dist/tex/latex/graphics-cfg/color.cfg
File: color.cfg 2016/01/02 v1.6 sample color configuration
)
Package xcolor Info: Driver file: pdftex.def on input line 227.
Package xcolor Info: Model `cmy' substituted by `cmy0' on input line 1352.
Package xcolor Info: Model `hsb' substituted by `rgb' on input line 1356.
Package xcolor Info: Model `RGB' extended on input line 1368.
Package xcolor Info: Model `HTML' substituted by `rgb' on input line 1370.
Package xcolor Info: Model `Hsb' substituted by `hsb' on input line 1371.
Package xcolor Info: Model `tHsb' substituted by `hsb' on input line 1372.
Package xcolor Info: Model `HSB' substituted by `hsb' on input line 1373.
Package xcolor Info: Model `Gray' substituted by `gray' on input line 1374.
Package xcolor Info: Model `wave' substituted by `hsb' on input line 1375.
(c:/Users/inesk/AppData/Roaming/TinyTeX/texmf-dist/tex/latex/xcolor/svgnam.def
File: svgnam.def 2021/10/31 v2.13 Predefined colors according to SVG 1.1 (UK)
)) (c:/Users/inesk/AppData/Roaming/TinyTeX/texmf-dist/tex/latex/listings/listings.sty
\lst@mode=\count286
\lst@gtempboxa=\box56
\lst@token=\toks23
\lst@length=\count287
\lst@currlwidth=\dimen166
\lst@column=\count288
\lst@pos=\count289
\lst@lostspace=\dimen167
\lst@width=\dimen168
\lst@newlines=\count290
\lst@lineno=\count291
\lst@maxwidth=\dimen169
(c:/Users/inesk/AppData/Roaming/TinyTeX/texmf-dist/tex/latex/listings/lstmisc.sty
File: lstmisc.sty 2020/03/24 1.8d (Carsten Heinz)
\c@lstnumber=\count292
\lst@skipnumbers=\count293
\lst@framebox=\box57
) (c:/Users/inesk/AppData/Roaming/TinyTeX/texmf-dist/tex/latex/listings/listings.cfg
File: listings.cfg 2020/03/24 1.8d listings configuration
))
Package: listings 2020/03/24 1.8d (Carsten Heinz)
(c:/Users/inesk/AppData/Roaming/TinyTeX/texmf-dist/tex/latex/listings/lstlang1.sty
File: lstlang1.sty 2020/03/24 1.8d listings language file
) (c:/Users/inesk/AppData/Roaming/TinyTeX/texmf-dist/tex/latex/listings/lstlang2.sty
File: lstlang2.sty 2020/03/24 1.8d listings language file
) (c:/Users/inesk/AppData/Roaming/TinyTeX/texmf-dist/tex/latex/listings/lstlang3.sty
File: lstlang3.sty 2020/03/24 1.8d listings language file
) (c:/Users/inesk/AppData/Roaming/TinyTeX/texmf-dist/tex/latex/subfig/subfig.sty
Package: subfig 2005/06/28 ver: 1.3 subfig package
(c:/Users/inesk/AppData/Roaming/TinyTeX/texmf-dist/tex/latex/caption/caption.sty
Package: caption 2020/10/26 v3.5g Customizing captions (AR)
(c:/Users/inesk/AppData/Roaming/TinyTeX/texmf-dist/tex/latex/caption/caption3.sty
Package: caption3 2020/10/21 v2.2e caption3 kernel (AR)
\captionmargin=\dimen170
\captionmargin@=\dimen171
\captionwidth=\dimen172
\caption@tempdima=\dimen173
\caption@indent=\dimen174
\caption@parindent=\dimen175
\caption@hangindent=\dimen176
Package caption Info: Standard document class detected.
)
\c@caption@flags=\count294
\c@continuedfloat=\count295
Package caption Info: hyperref package is loaded.
Package caption Info: listings package is loaded.
)
\c@KVtest=\count296
\sf@farskip=\skip59
\sf@captopadj=\dimen177
\sf@capskip=\skip60
\sf@nearskip=\skip61
\c@subfigure=\count297
\c@subfigure@save=\count298
\c@lofdepth=\count299
\c@subtable=\count300
\c@subtable@save=\count301
\c@lotdepth=\count302
\sf@top=\skip62
\sf@bottom=\skip63
)
LaTeX Font Info:    Trying to load font information for T1+aer on input line 41.
(c:/Users/inesk/AppData/Roaming/TinyTeX/texmf-dist/tex/latex/ae/t1aer.fd
File: t1aer.fd 1997/11/16 Font definitions for T1/aer.
) (c:/Users/inesk/AppData/Roaming/TinyTeX/texmf-dist/tex/latex/l3backend/l3backend-pdftex.def
File: l3backend-pdftex.def 2021-12-14 L3 backend support: PDF output (pdfTeX)
\l__color_backend_stack_int=\count303
\l__pdf_internal_box=\box58
)
No file Collounder.vignette.aux.
\openout1 = `Collounder.vignette.aux'.

LaTeX Font Info:    Checking defaults for OML/cmm/m/it on input line 41.
LaTeX Font Info:    ... okay on input line 41.
LaTeX Font Info:    Checking defaults for OMS/cmsy/m/n on input line 41.
LaTeX Font Info:    ... okay on input line 41.
LaTeX Font Info:    Checking defaults for OT1/cmr/m/n on input line 41.
LaTeX Font Info:    ... okay on input line 41.
LaTeX Font Info:    Checking defaults for T1/cmr/m/n on input line 41.
LaTeX Font Info:    ... okay on input line 41.
LaTeX Font Info:    Checking defaults for TS1/cmr/m/n on input line 41.
LaTeX Font Info:    ... okay on input line 41.
LaTeX Font Info:    Checking defaults for OMX/cmex/m/n on input line 41.
LaTeX Font Info:    ... okay on input line 41.
LaTeX Font Info:    Checking defaults for U/cmr/m/n on input line 41.
LaTeX Font Info:    ... okay on input line 41.
LaTeX Font Info:    Checking defaults for PD1/pdf/m/n on input line 41.
LaTeX Font Info:    ... okay on input line 41.
LaTeX Font Info:    Checking defaults for PU/pdf/m/n on input line 41.
LaTeX Font Info:    ... okay on input line 41.
Package hyperref Info: Link coloring OFF on input line 41.
(c:/Users/inesk/AppData/Roaming/TinyTeX/texmf-dist/tex/latex/hyperref/nameref.sty
Package: nameref 2021-04-02 v2.47 Cross-referencing by name of section
(c:/Users/inesk/AppData/Roaming/TinyTeX/texmf-dist/tex/latex/refcount/refcount.sty
Package: refcount 2019/12/15 v3.6 Data extraction from label references (HO)
) (c:/Users/inesk/AppData/Roaming/TinyTeX/texmf-dist/tex/generic/gettitlestring/gettitlestring.sty
Package: gettitlestring 2019/12/15 v1.6 Cleanup title references (HO)
)
\c@section@level=\count304
)
LaTeX Info: Redefining \ref on input line 41.
LaTeX Info: Redefining \pageref on input line 41.
LaTeX Info: Redefining \nameref on input line 41.
\@outlinefile=\write4
\openout4 = `Collounder.vignette.out'.

(c:/Users/inesk/AppData/Roaming/TinyTeX/texmf-dist/tex/latex/epstopdf-pkg/epstopdf-base.sty
Package: epstopdf-base 2020-01-24 v2.11 Base part for package epstopdf
Package epstopdf-base Info: Redefining graphics rule for `.eps' on input line 485.
(c:/Users/inesk/AppData/Roaming/TinyTeX/texmf-dist/tex/latex/latexconfig/epstopdf-sys.cfg
File: epstopdf-sys.cfg 2010/07/13 v1.3 Configuration of (r)epstopdf for TeX Live
))
\c@lstlisting=\count305
Package caption Info: Begin \AtBeginDocument code.
Package caption Info: subfig package v1.3 is loaded.
Package caption Info: End \AtBeginDocument code.
LaTeX Font Info:    Trying to load font information for OT1+lmr on input line 44.
(c:/Users/inesk/AppData/Roaming/TinyTeX/texmf-dist/tex/latex/lm/ot1lmr.fd
File: ot1lmr.fd 2015/05/01 v1.6.1 Font defs for Latin Modern
)
LaTeX Font Info:    Trying to load font information for OML+lmm on input line 44.
(c:/Users/inesk/AppData/Roaming/TinyTeX/texmf-dist/tex/latex/lm/omllmm.fd
File: omllmm.fd 2015/05/01 v1.6.1 Font defs for Latin Modern
)
LaTeX Font Info:    Trying to load font information for OMS+lmsy on input line 44.
(c:/Users/inesk/AppData/Roaming/TinyTeX/texmf-dist/tex/latex/lm/omslmsy.fd
File: omslmsy.fd 2015/05/01 v1.6.1 Font defs for Latin Modern
)
LaTeX Font Info:    Trying to load font information for OMX+lmex on input line 44.
(c:/Users/inesk/AppData/Roaming/TinyTeX/texmf-dist/tex/latex/lm/omxlmex.fd
File: omxlmex.fd 2015/05/01 v1.6.1 Font defs for Latin Modern
)
LaTeX Font Info:    External font `lmex10' loaded for size
(Font)              <12> on input line 44.
LaTeX Font Info:    External font `lmex10' loaded for size
(Font)              <8> on input line 44.
LaTeX Font Info:    External font `lmex10' loaded for size
(Font)              <6> on input line 44.
\tf@toc=\write5
\openout5 = `Collounder.vignette.toc'.

[1

{c:/Users/inesk/AppData/Roaming/TinyTeX/texmf-var/fonts/map/pdftex/updmap/pdftex.map}] [2]
Package textcomp Info: Symbol \textminus not provided by
(textcomp)             font family aer in TS1 encoding.
(textcomp)             Default family used instead on input line 65.
Package textcomp Info: Symbol \textminus not provided by
(textcomp)             font family aer in TS1 encoding.
(textcomp)             Default family used instead on input line 73.
Package textcomp Info: Symbol \textminus not provided by
(textcomp)             font family aer in TS1 encoding.
(textcomp)             Default family used instead on input line 74.
Package textcomp Info: Symbol \textminus not provided by
(textcomp)             font family aer in TS1 encoding.
(textcomp)             Default family used instead on input line 75.
Package textcomp Info: Symbol \textminus not provided by
(textcomp)             font family aer in TS1 encoding.
(textcomp)             Default family used instead on input line 76.
Package textcomp Info: Symbol \textminus not provided by
(textcomp)             font family aer in TS1 encoding.
(textcomp)             Default family used instead on input line 77.
Package textcomp Info: Symbol \textminus not provided by
(textcomp)             font family aer in TS1 encoding.
(textcomp)             Default family used instead on input line 80.
<images//scenario1.DAG.png, id=20, 386.19281pt x 312.41719pt>
File: images//scenario1.DAG.png Graphic file (type png)
<use images//scenario1.DAG.png>
Package pdftex.def Info: images//scenario1.DAG.png  used on input line 87.
(pdftex.def)             Requested size: 142.26378pt x 115.08723pt.
Package textcomp Info: Symbol \textminus not provided by
(textcomp)             font family aer in TS1 encoding.
(textcomp)             Default family used instead on input line 95.
Package textcomp Info: Symbol \textminus not provided by
(textcomp)             font family aer in TS1 encoding.
(textcomp)             Default family used instead on input line 96.
Package textcomp Info: Symbol \textminus not provided by
(textcomp)             font family aer in TS1 encoding.
(textcomp)             Default family used instead on input line 97.
Package textcomp Info: Symbol \textminus not provided by
(textcomp)             font family aer in TS1 encoding.
(textcomp)             Default family used instead on input line 98.
Package textcomp Info: Symbol \textminus not provided by
(textcomp)             font family aer in TS1 encoding.
(textcomp)             Default family used instead on input line 99.
[3 <./images//scenario1.DAG.png>]
Package textcomp Info: Symbol \textminus not provided by
(textcomp)             font family aer in TS1 encoding.
(textcomp)             Default family used instead on input line 100.
Package textcomp Info: Symbol \textminus not provided by
(textcomp)             font family aer in TS1 encoding.
(textcomp)             Default family used instead on input line 103.
<images//scenario2.DAG.png, id=54, 386.19281pt x 312.41719pt>
File: images//scenario2.DAG.png Graphic file (type png)
<use images//scenario2.DAG.png>
Package pdftex.def Info: images//scenario2.DAG.png  used on input line 109.
(pdftex.def)             Requested size: 142.26378pt x 115.08723pt.
Package textcomp Info: Symbol \textminus not provided by
(textcomp)             font family aer in TS1 encoding.
(textcomp)             Default family used instead on input line 121.
Package textcomp Info: Symbol \textminus not provided by
(textcomp)             font family aer in TS1 encoding.
(textcomp)             Default family used instead on input line 123.
Package textcomp Info: Symbol \textminus not provided by
(textcomp)             font family aer in TS1 encoding.
(textcomp)             Default family used instead on input line 124.
LaTeX Font Info:    Trying to load font information for TS1+aer on input line 124.
(c:/Program Files/R/R-4.1.2/share/texmf/tex/latex/ts1aer.fd
File: ts1aer.fd 
)
LaTeX Font Info:    Font shape `TS1/aer/m/n' in size <10> not available
(Font)              Font shape `TS1/cmr/m/n' tried instead on input line 124.
Package textcomp Info: Symbol \textminus not provided by
(textcomp)             font family aer in TS1 encoding.
(textcomp)             Default family used instead on input line 125.
[4 <./images//scenario2.DAG.png>]
Package textcomp Info: Symbol \textminus not provided by
(textcomp)             font family aer in TS1 encoding.
(textcomp)             Default family used instead on input line 127.
Package textcomp Info: Symbol \textminus not provided by
(textcomp)             font family aer in TS1 encoding.
(textcomp)             Default family used instead on input line 128.
Package textcomp Info: Symbol \textminus not provided by
(textcomp)             font family aer in TS1 encoding.
(textcomp)             Default family used instead on input line 128.
Package textcomp Info: Symbol \textminus not provided by
(textcomp)             font family aer in TS1 encoding.
(textcomp)             Default family used instead on input line 129.
Package textcomp Info: Symbol \textminus not provided by
(textcomp)             font family aer in TS1 encoding.
(textcomp)             Default family used instead on input line 136.
Package textcomp Info: Symbol \textminus not provided by
(textcomp)             font family aer in TS1 encoding.
(textcomp)             Default family used instead on input line 137.
Package textcomp Info: Symbol \textminus not provided by
(textcomp)             font family aer in TS1 encoding.
(textcomp)             Default family used instead on input line 138.
Package textcomp Info: Symbol \textminus not provided by
(textcomp)             font family aer in TS1 encoding.
(textcomp)             Default family used instead on input line 139.
Package textcomp Info: Symbol \textminus not provided by
(textcomp)             font family aer in TS1 encoding.
(textcomp)             Default family used instead on input line 140.
Package textcomp Info: Symbol \textminus not provided by
(textcomp)             font family aer in TS1 encoding.
(textcomp)             Default family used instead on input line 145.
Package textcomp Info: Symbol \textminus not provided by
(textcomp)             font family aer in TS1 encoding.
(textcomp)             Default family used instead on input line 146.
Package textcomp Info: Symbol \textminus not provided by
(textcomp)             font family aer in TS1 encoding.
(textcomp)             Default family used instead on input line 147.
Package textcomp Info: Symbol \textminus not provided by
(textcomp)             font family aer in TS1 encoding.
(textcomp)             Default family used instead on input line 148.
Package textcomp Info: Symbol \textminus not provided by
(textcomp)             font family aer in TS1 encoding.
(textcomp)             Default family used instead on input line 149.
Package textcomp Info: Symbol \textminus not provided by
(textcomp)             font family aer in TS1 encoding.
(textcomp)             Default family used instead on input line 150.
Package textcomp Info: Symbol \textminus not provided by
(textcomp)             font family aer in TS1 encoding.
(textcomp)             Default family used instead on input line 157.
Package textcomp Info: Symbol \textminus not provided by
(textcomp)             font family aer in TS1 encoding.
(textcomp)             Default family used instead on input line 158.
Package textcomp Info: Symbol \textminus not provided by
(textcomp)             font family aer in TS1 encoding.
(textcomp)             Default family used instead on input line 159.
Package textcomp Info: Symbol \textminus not provided by
(textcomp)             font family aer in TS1 encoding.
(textcomp)             Default family used instead on input line 160.
Package textcomp Info: Symbol \textminus not provided by
(textcomp)             font family aer in TS1 encoding.
(textcomp)             Default family used instead on input line 161.
Package textcomp Info: Symbol \textminus not provided by
(textcomp)             font family aer in TS1 encoding.
(textcomp)             Default family used instead on input line 162.
Package textcomp Info: Symbol \textminus not provided by
(textcomp)             font family aer in TS1 encoding.
(textcomp)             Default family used instead on input line 163.
[5]
Package textcomp Info: Symbol \textminus not provided by
(textcomp)             font family aer in TS1 encoding.
(textcomp)             Default family used instead on input line 180.
Package textcomp Info: Symbol \textminus not provided by
(textcomp)             font family aer in TS1 encoding.
(textcomp)             Default family used instead on input line 185.
Package textcomp Info: Symbol \textminus not provided by
(textcomp)             font family aer in TS1 encoding.
(textcomp)             Default family used instead on input line 197.
Package textcomp Info: Symbol \textminus not provided by
(textcomp)             font family aer in TS1 encoding.
(textcomp)             Default family used instead on input line 198.
Package textcomp Info: Symbol \textminus not provided by
(textcomp)             font family aer in TS1 encoding.
(textcomp)             Default family used instead on input line 199.
[6]
Package textcomp Info: Symbol \textminus not provided by
(textcomp)             font family aer in TS1 encoding.
(textcomp)             Default family used instead on input line 200.
Package textcomp Info: Symbol \textminus not provided by
(textcomp)             font family aer in TS1 encoding.
(textcomp)             Default family used instead on input line 202.
Package textcomp Info: Symbol \textminus not provided by
(textcomp)             font family aer in TS1 encoding.
(textcomp)             Default family used instead on input line 203.
Package textcomp Info: Symbol \textminus not provided by
(textcomp)             font family aer in TS1 encoding.
(textcomp)             Default family used instead on input line 204.
Package textcomp Info: Symbol \textminus not provided by
(textcomp)             font family aer in TS1 encoding.
(textcomp)             Default family used instead on input line 205.
<images//i_uv_i.DAG.png, id=142, 386.19281pt x 312.41719pt>
File: images//i_uv_i.DAG.png Graphic file (type png)
<use images//i_uv_i.DAG.png>
Package pdftex.def Info: images//i_uv_i.DAG.png  used on input line 210.
(pdftex.def)             Requested size: 142.26378pt x 115.08723pt.
Package textcomp Info: Symbol \textminus not provided by
(textcomp)             font family aer in TS1 encoding.
(textcomp)             Default family used instead on input line 214.
Package textcomp Info: Symbol \textminus not provided by
(textcomp)             font family aer in TS1 encoding.
(textcomp)             Default family used instead on input line 215.
Package textcomp Info: Symbol \textminus not provided by
(textcomp)             font family aer in TS1 encoding.
(textcomp)             Default family used instead on input line 216.
Package textcomp Info: Symbol \textminus not provided by
(textcomp)             font family aer in TS1 encoding.
(textcomp)             Default family used instead on input line 217.
Package textcomp Info: Symbol \textminus not provided by
(textcomp)             font family aer in TS1 encoding.
(textcomp)             Default family used instead on input line 218.
Package textcomp Info: Symbol \textminus not provided by
(textcomp)             font family aer in TS1 encoding.
(textcomp)             Default family used instead on input line 221.
Package textcomp Info: Symbol \textminus not provided by
(textcomp)             font family aer in TS1 encoding.
(textcomp)             Default family used instead on input line 223.
Package textcomp Info: Symbol \textminus not provided by
(textcomp)             font family aer in TS1 encoding.
(textcomp)             Default family used instead on input line 224.
Package textcomp Info: Symbol \textminus not provided by
(textcomp)             font family aer in TS1 encoding.
(textcomp)             Default family used instead on input line 225.
Package textcomp Info: Symbol \textminus not provided by
(textcomp)             font family aer in TS1 encoding.
(textcomp)             Default family used instead on input line 227.
Package textcomp Info: Symbol \textminus not provided by
(textcomp)             font family aer in TS1 encoding.
(textcomp)             Default family used instead on input line 228.
Package textcomp Info: Symbol \textminus not provided by
(textcomp)             font family aer in TS1 encoding.
(textcomp)             Default family used instead on input line 230.
Package textcomp Info: Symbol \textminus not provided by
(textcomp)             font family aer in TS1 encoding.
(textcomp)             Default family used instead on input line 231.
[7 <./images//i_uv_i.DAG.png>]
Package textcomp Info: Symbol \textminus not provided by
(textcomp)             font family aer in TS1 encoding.
(textcomp)             Default family used instead on input line 241.
Package textcomp Info: Symbol \textminus not provided by
(textcomp)             font family aer in TS1 encoding.
(textcomp)             Default family used instead on input line 243.
Package textcomp Info: Symbol \textminus not provided by
(textcomp)             font family aer in TS1 encoding.
(textcomp)             Default family used instead on input line 259.
[8]
Package textcomp Info: Symbol \textminus not provided by
(textcomp)             font family aer in TS1 encoding.
(textcomp)             Default family used instead on input line 271.
)
! Emergency stop.
<*> ...inference/vignettes/Collounder.vignette.tex
                                                   
Here is how much of TeX's memory you used:
 14742 strings out of 480313
 233964 string characters out of 5895781
 1012941 words of memory out of 5000000
 32233 multiletter control sequences out of 15000+600000
 434200 words of font info for 67 fonts, out of 8000000 for 9000
 14 hyphenation exceptions out of 8191
 70i,6n,79p,909b,1857s stack positions out of 5000i,500n,10000p,200000b,80000s

!  ==> Fatal error occurred, no output PDF file produced!
